Using pre-set license
Built from '2020.3/staging' branch; Version is '2020.3.0f1 (c7b5465681fb) revision 13088070'; Using compiler version '192528614'; Build Type 'Release'
OS: 'Windows 10 Home; OS build 19041.867; Version 2004; 64bit' Language: 'ko' Physical Memory: 4008 MB
BatchMode: 1, IsHumanControllingUs: 0, StartBugReporterOnCrash: 0, Is64bit: 1, IsPro: 0

 COMMAND LINE ARGUMENTS:
C:\Program Files\Unity\Hub\Editor\2020.3.0f1\Editor\Unity.exe
-adb2
-batchMode
-noUpm
-name
AssetImportWorker0
-projectPath
D:/Unity/Unity2D/Block Breaker
-logFile
Logs/AssetImportWorker0.log
-srvPort
62553
Successfully changed project path to: D:/Unity/Unity2D/Block Breaker
D:/Unity/Unity2D/Block Breaker
Using Asset Import Pipeline V2.
Refreshing native plugins compatible for Editor in 77.50 ms, found 1 plugins.
Preloading 0 native plugins for Editor in 0.00 ms.
Initialize engine version: 2020.3.0f1 (c7b5465681fb)
[Subsystems] Discovering subsystems at path C:/Program Files/Unity/Hub/Editor/2020.3.0f1/Editor/Data/Resources/UnitySubsystems
[Subsystems] Discovering subsystems at path D:/Unity/Unity2D/Block Breaker/Assets
GfxDevice: creating device client; threaded=0
Direct3D:
    Version:  Direct3D 11.0 [level 11.0]
    Renderer: NVIDIA GeForce GT 540M (ID=0xdf4)
    Vendor:   
    VRAM:     1999 MB
    Driver:   21.21.13.7654
Initialize mono
Mono path[0] = 'C:/Program Files/Unity/Hub/Editor/2020.3.0f1/Editor/Data/Managed'
Mono path[1] = 'C:/Program Files/Unity/Hub/Editor/2020.3.0f1/Editor/Data/MonoBleedingEdge/lib/mono/unityjit'
Mono config path = 'C:/Program Files/Unity/Hub/Editor/2020.3.0f1/Editor/Data/MonoBleedingEdge/etc'
Using monoOptions --debugger-agent=transport=dt_socket,embedding=1,server=y,suspend=n,address=127.0.0.1:56772
Begin MonoManager ReloadAssembly
Registering precompiled unity dll's ...
Register platform support module: C:/Program Files/Unity/Hub/Editor/2020.3.0f1/Editor/Data/PlaybackEngines/WindowsStandaloneSupport/UnityEditor.WindowsStandalone.Extensions.dll
Registered in 0.004583 seconds.
Native extension for WindowsStandalone target not found
Refreshing native plugins compatible for Editor in 65.29 ms, found 1 plugins.
Preloading 0 native plugins for Editor in 0.00 ms.
Invoked RoslynAnalysisRunner static constructor.
RoslynAnalysisRunner will not be running.
RoslynAnalysisRunner has terminated.
Mono: successfully reloaded assembly
- Completed reload, in  7.250 seconds
Platform modules already initialized, skipping
Registering precompiled user dll's ...
Registered in 0.001729 seconds.
Begin MonoManager ReloadAssembly
Native extension for WindowsStandalone target not found
Refreshing native plugins compatible for Editor in 100.74 ms, found 1 plugins.
Preloading 0 native plugins for Editor in 0.00 ms.
Invoked RoslynAnalysisRunner static constructor.
RoslynAnalysisRunner will not be running.
RoslynAnalysisRunner has terminated.
Mono: successfully reloaded assembly
- Completed reload, in  2.091 seconds
Platform modules already initialized, skipping
========================================================================
Worker process is ready to serve import requests
Launched and connected shader compiler UnityShaderCompiler.exe after 0.13 seconds
Refreshing native plugins compatible for Editor in 0.76 ms, found 1 plugins.
Preloading 0 native plugins for Editor in 0.00 ms.
Unloading 1823 Unused Serialized files (Serialized files now loaded: 0)
System memory in use before: 89.2 MB.
System memory in use after: 89.1 MB.

Unloading 24 unused Assets to reduce memory usage. Loaded Objects now: 2266.
Total: 3.971100 ms (FindLiveObjects: 0.233900 ms CreateObjectMapping: 0.088300 ms MarkObjects: 3.219100 ms  DeleteObjects: 0.426800 ms)

========================================================================
Received Import Request.
  path: Assets/Scripts/Ball.cs
  artifactKey: Guid(d343ca41a6a8ee94b8294cc9f4ea2102) Importer(815301076,1909f56bfc062723c751e8b465ee728b)
Start importing Assets/Scripts/Ball.cs using Guid(d343ca41a6a8ee94b8294cc9f4ea2102) Importer(815301076,1909f56bfc062723c751e8b465ee728b)  -> (artifact id: 'd879087537ac34ed9ffff82f75409259') in 0.077300 seconds
  Import took 0.086247 seconds .

========================================================================
Received Prepare
Registering precompiled user dll's ...
Registered in 0.001942 seconds.
Begin MonoManager ReloadAssembly
Native extension for WindowsStandalone target not found
Refreshing native plugins compatible for Editor in 5.52 ms, found 1 plugins.
Preloading 0 native plugins for Editor in 0.00 ms.
Invoked RoslynAnalysisRunner static constructor.
RoslynAnalysisRunner will not be running.
RoslynAnalysisRunner has terminated.
Mono: successfully reloaded assembly
- Completed reload, in  3.628 seconds
Platform modules already initialized, skipping
Refreshing native plugins compatible for Editor in 0.61 ms, found 1 plugins.
Preloading 0 native plugins for Editor in 0.00 ms.
Unloading 1805 Unused Serialized files (Serialized files now loaded: 0)
System memory in use before: 88.1 MB.
System memory in use after: 88.1 MB.

Unloading 12 unused Assets to reduce memory usage. Loaded Objects now: 2270.
Total: 4.387000 ms (FindLiveObjects: 0.364700 ms CreateObjectMapping: 0.106300 ms MarkObjects: 3.702500 ms  DeleteObjects: 0.211000 ms)

========================================================================
Received Prepare
Registering precompiled user dll's ...
Registered in 0.001374 seconds.
Begin MonoManager ReloadAssembly
Native extension for WindowsStandalone target not found
Refreshing native plugins compatible for Editor in 0.70 ms, found 1 plugins.
Preloading 0 native plugins for Editor in 0.00 ms.
Invoked RoslynAnalysisRunner static constructor.
RoslynAnalysisRunner will not be running.
RoslynAnalysisRunner has terminated.
Mono: successfully reloaded assembly
- Completed reload, in  2.863 seconds
Platform modules already initialized, skipping
Refreshing native plugins compatible for Editor in 1.13 ms, found 1 plugins.
Preloading 0 native plugins for Editor in 0.00 ms.
Unloading 1805 Unused Serialized files (Serialized files now loaded: 0)
System memory in use before: 88.2 MB.
System memory in use after: 88.2 MB.

Unloading 12 unused Assets to reduce memory usage. Loaded Objects now: 2274.
Total: 10.081000 ms (FindLiveObjects: 5.029800 ms CreateObjectMapping: 0.176600 ms MarkObjects: 4.604400 ms  DeleteObjects: 0.267300 ms)

========================================================================
Received Import Request.
  Time since last request: 385.691198 seconds.
  path: Assets/Materials/Bounciness.physicsMaterial2D
  artifactKey: Guid(945b6fa683e6db146be66df47ff6e403) Importer(815301076,1909f56bfc062723c751e8b465ee728b)
Start importing Assets/Materials/Bounciness.physicsMaterial2D using Guid(945b6fa683e6db146be66df47ff6e403) Importer(815301076,1909f56bfc062723c751e8b465ee728b)  -> (artifact id: '555a81cff9edc67adba66d46cc6f2a66') in 0.032982 seconds
  Import took 0.041235 seconds .

========================================================================
Received Prepare
Registering precompiled user dll's ...
Registered in 0.001885 seconds.
Begin MonoManager ReloadAssembly
Native extension for WindowsStandalone target not found
Refreshing native plugins compatible for Editor in 0.76 ms, found 1 plugins.
Preloading 0 native plugins for Editor in 0.00 ms.
Invoked RoslynAnalysisRunner static constructor.
RoslynAnalysisRunner will not be running.
RoslynAnalysisRunner has terminated.
Mono: successfully reloaded assembly
- Completed reload, in  1.767 seconds
Platform modules already initialized, skipping
Refreshing native plugins compatible for Editor in 0.60 ms, found 1 plugins.
Preloading 0 native plugins for Editor in 0.00 ms.
Unloading 1805 Unused Serialized files (Serialized files now loaded: 0)
System memory in use before: 88.2 MB.
System memory in use after: 88.2 MB.

Unloading 12 unused Assets to reduce memory usage. Loaded Objects now: 2278.
Total: 2.959500 ms (FindLiveObjects: 0.223200 ms CreateObjectMapping: 0.085000 ms MarkObjects: 2.482000 ms  DeleteObjects: 0.166400 ms)

========================================================================
Received Prepare
Registering precompiled user dll's ...
Registered in 0.002091 seconds.
Begin MonoManager ReloadAssembly
Native extension for WindowsStandalone target not found
Refreshing native plugins compatible for Editor in 0.56 ms, found 1 plugins.
Preloading 0 native plugins for Editor in 0.00 ms.
Invoked RoslynAnalysisRunner static constructor.
RoslynAnalysisRunner will not be running.
RoslynAnalysisRunner has terminated.
Mono: successfully reloaded assembly
- Completed reload, in  1.961 seconds
Platform modules already initialized, skipping
Refreshing native plugins compatible for Editor in 0.59 ms, found 1 plugins.
Preloading 0 native plugins for Editor in 0.00 ms.
Unloading 1805 Unused Serialized files (Serialized files now loaded: 0)
System memory in use before: 88.2 MB.
System memory in use after: 88.2 MB.

Unloading 12 unused Assets to reduce memory usage. Loaded Objects now: 2282.
Total: 5.225400 ms (FindLiveObjects: 1.364800 ms CreateObjectMapping: 0.321000 ms MarkObjects: 3.363900 ms  DeleteObjects: 0.172200 ms)

========================================================================
Received Import Request.
  Time since last request: 89.100577 seconds.
  path: Assets/Sprites/Block Square.png
  artifactKey: Guid(96d4f89a097bb134882b3506a9f2d840) Importer(815301076,1909f56bfc062723c751e8b465ee728b)
Start importing Assets/Sprites/Block Square.png using Guid(96d4f89a097bb134882b3506a9f2d840) Importer(815301076,1909f56bfc062723c751e8b465ee728b)  -> (artifact id: '098b6830015de0f9fe99fe7d00eceb41') in 0.322241 seconds
  Import took 0.333941 seconds .

========================================================================
Received Prepare
Registering precompiled user dll's ...
Registered in 0.006710 seconds.
Begin MonoManager ReloadAssembly
Native extension for WindowsStandalone target not found
Refreshing native plugins compatible for Editor in 0.63 ms, found 1 plugins.
Preloading 0 native plugins for Editor in 0.00 ms.
Invoked RoslynAnalysisRunner static constructor.
RoslynAnalysisRunner will not be running.
RoslynAnalysisRunner has terminated.
Mono: successfully reloaded assembly
- Completed reload, in  1.928 seconds
Platform modules already initialized, skipping
Refreshing native plugins compatible for Editor in 0.59 ms, found 1 plugins.
Preloading 0 native plugins for Editor in 0.00 ms.
Unloading 1806 Unused Serialized files (Serialized files now loaded: 0)
System memory in use before: 91.3 MB.
System memory in use after: 91.3 MB.

Unloading 12 unused Assets to reduce memory usage. Loaded Objects now: 2293.
Total: 4.227900 ms (FindLiveObjects: 0.658700 ms CreateObjectMapping: 0.135500 ms MarkObjects: 3.258600 ms  DeleteObjects: 0.172500 ms)

========================================================================
Received Prepare
Registering precompiled user dll's ...
Registered in 0.001345 seconds.
Begin MonoManager ReloadAssembly
Native extension for WindowsStandalone target not found
Refreshing native plugins compatible for Editor in 0.67 ms, found 1 plugins.
Preloading 0 native plugins for Editor in 0.00 ms.
Invoked RoslynAnalysisRunner static constructor.
RoslynAnalysisRunner will not be running.
RoslynAnalysisRunner has terminated.
Mono: successfully reloaded assembly
- Completed reload, in  1.690 seconds
Platform modules already initialized, skipping
Refreshing native plugins compatible for Editor in 0.58 ms, found 1 plugins.
Preloading 0 native plugins for Editor in 0.00 ms.
Unloading 1806 Unused Serialized files (Serialized files now loaded: 0)
System memory in use before: 91.4 MB.
System memory in use after: 91.3 MB.

Unloading 12 unused Assets to reduce memory usage. Loaded Objects now: 2297.
Total: 3.878900 ms (FindLiveObjects: 0.399500 ms CreateObjectMapping: 0.093900 ms MarkObjects: 3.209700 ms  DeleteObjects: 0.173200 ms)

========================================================================
Received Import Request.
  Time since last request: 137.946409 seconds.
  path: Assets/Scripts/Block.cs
  artifactKey: Guid(c86810b2e4979ff40b701a099c3d4611) Importer(815301076,1909f56bfc062723c751e8b465ee728b)
Start importing Assets/Scripts/Block.cs using Guid(c86810b2e4979ff40b701a099c3d4611) Importer(815301076,1909f56bfc062723c751e8b465ee728b)  -> (artifact id: 'e7cf98d3f75954bc0d6ae14ced21e1f7') in 0.018280 seconds
  Import took 0.028954 seconds .

========================================================================
Received Prepare
Registering precompiled user dll's ...
Registered in 0.006183 seconds.
Begin MonoManager ReloadAssembly
Native extension for WindowsStandalone target not found
Refreshing native plugins compatible for Editor in 0.78 ms, found 1 plugins.
Preloading 0 native plugins for Editor in 0.00 ms.
Invoked RoslynAnalysisRunner static constructor.
RoslynAnalysisRunner will not be running.
RoslynAnalysisRunner has terminated.
Mono: successfully reloaded assembly
- Completed reload, in  6.530 seconds
Platform modules already initialized, skipping
Refreshing native plugins compatible for Editor in 0.60 ms, found 1 plugins.
Preloading 0 native plugins for Editor in 0.00 ms.
Unloading 1806 Unused Serialized files (Serialized files now loaded: 0)
System memory in use before: 91.4 MB.
System memory in use after: 91.4 MB.

Unloading 12 unused Assets to reduce memory usage. Loaded Objects now: 2301.
Total: 9.695900 ms (FindLiveObjects: 0.730200 ms CreateObjectMapping: 0.151900 ms MarkObjects: 8.071800 ms  DeleteObjects: 0.738500 ms)

========================================================================
Received Import Request.
  Time since last request: 245.708082 seconds.
  path: Assets/Scripts/Block.cs
  artifactKey: Guid(c86810b2e4979ff40b701a099c3d4611) Importer(815301076,1909f56bfc062723c751e8b465ee728b)
Start importing Assets/Scripts/Block.cs using Guid(c86810b2e4979ff40b701a099c3d4611) Importer(815301076,1909f56bfc062723c751e8b465ee728b)  -> (artifact id: '5920a12e9590cb69447d634258c817d3') in 0.164622 seconds
  Import took 0.205403 seconds .

========================================================================
Received Import Request.
  Time since last request: 0.542114 seconds.
  path: Assets/Scripts/Block.cs
  artifactKey: Guid(c86810b2e4979ff40b701a099c3d4611) Importer(815301076,1909f56bfc062723c751e8b465ee728b)
Start importing Assets/Scripts/Block.cs using Guid(c86810b2e4979ff40b701a099c3d4611) Importer(815301076,1909f56bfc062723c751e8b465ee728b)  -> (artifact id: '5920a12e9590cb69447d634258c817d3') in 0.007126 seconds
  Import took 0.016029 seconds .

========================================================================
Received Prepare
Registering precompiled user dll's ...
Registered in 0.078525 seconds.
Begin MonoManager ReloadAssembly
Native extension for WindowsStandalone target not found
Refreshing native plugins compatible for Editor in 0.82 ms, found 1 plugins.
Preloading 0 native plugins for Editor in 0.00 ms.
Invoked RoslynAnalysisRunner static constructor.
RoslynAnalysisRunner will not be running.
RoslynAnalysisRunner has terminated.
Mono: successfully reloaded assembly
- Completed reload, in  2.117 seconds
Platform modules already initialized, skipping
Refreshing native plugins compatible for Editor in 0.79 ms, found 1 plugins.
Preloading 0 native plugins for Editor in 0.00 ms.
Unloading 1806 Unused Serialized files (Serialized files now loaded: 0)
System memory in use before: 91.4 MB.
System memory in use after: 91.4 MB.

Unloading 12 unused Assets to reduce memory usage. Loaded Objects now: 2305.
Total: 7.103800 ms (FindLiveObjects: 0.296700 ms CreateObjectMapping: 0.103300 ms MarkObjects: 6.446300 ms  DeleteObjects: 0.254400 ms)

========================================================================
Received Prepare
Registering precompiled user dll's ...
Registered in 0.001842 seconds.
Begin MonoManager ReloadAssembly
Native extension for WindowsStandalone target not found
Refreshing native plugins compatible for Editor in 0.70 ms, found 1 plugins.
Preloading 0 native plugins for Editor in 0.00 ms.
Invoked RoslynAnalysisRunner static constructor.
RoslynAnalysisRunner will not be running.
RoslynAnalysisRunner has terminated.
Mono: successfully reloaded assembly
- Completed reload, in  2.203 seconds
Platform modules already initialized, skipping
Refreshing native plugins compatible for Editor in 0.64 ms, found 1 plugins.
Preloading 0 native plugins for Editor in 0.00 ms.
Unloading 1806 Unused Serialized files (Serialized files now loaded: 0)
System memory in use before: 91.4 MB.
System memory in use after: 91.4 MB.

Unloading 12 unused Assets to reduce memory usage. Loaded Objects now: 2309.
Total: 3.282700 ms (FindLiveObjects: 0.381500 ms CreateObjectMapping: 0.097900 ms MarkObjects: 2.556800 ms  DeleteObjects: 0.244100 ms)

========================================================================
Received Import Request.
  Time since last request: 378.810690 seconds.
  path: Assets/Prefabs
  artifactKey: Guid(7a26d417b707a2d419aece7fdcc9f26b) Importer(815301076,1909f56bfc062723c751e8b465ee728b)
Start importing Assets/Prefabs using Guid(7a26d417b707a2d419aece7fdcc9f26b) Importer(815301076,1909f56bfc062723c751e8b465ee728b)  -> (artifact id: '4e5fc8cea2720eb63e7b9cd4244e0b85') in 0.022736 seconds
  Import took 0.029845 seconds .

========================================================================
Received Import Request.
  Time since last request: 27.750607 seconds.
  path: Assets/Prefabs/Block.prefab
  artifactKey: Guid(3d25daeb4566b97418550b00def35b13) Importer(815301076,1909f56bfc062723c751e8b465ee728b)
Start importing Assets/Prefabs/Block.prefab using Guid(3d25daeb4566b97418550b00def35b13) Importer(815301076,1909f56bfc062723c751e8b465ee728b)  -> (artifact id: '9bd421ec095a478bb47d599823279fad') in 0.307595 seconds
  Import took 0.318057 seconds .

========================================================================
Received Import Request.
  Time since last request: 258.276687 seconds.
  path: Assets/Prefabs/Block.prefab
  artifactKey: Guid(3d25daeb4566b97418550b00def35b13) Importer(815301076,1909f56bfc062723c751e8b465ee728b)
Start importing Assets/Prefabs/Block.prefab using Guid(3d25daeb4566b97418550b00def35b13) Importer(815301076,1909f56bfc062723c751e8b465ee728b)  -> (artifact id: '2b65c66db9f31a9331d41679837eeaff') in 0.060369 seconds
  Import took 0.071487 seconds .

========================================================================
Received Import Request.
  Time since last request: 0.000375 seconds.
  path: Assets/Prefabs/Block.prefab
  artifactKey: Guid(3d25daeb4566b97418550b00def35b13) Importer(815301076,1909f56bfc062723c751e8b465ee728b)
Start importing Assets/Prefabs/Block.prefab using Guid(3d25daeb4566b97418550b00def35b13) Importer(815301076,1909f56bfc062723c751e8b465ee728b)  -> (artifact id: '2b65c66db9f31a9331d41679837eeaff') in 0.032143 seconds
  Import took 0.041723 seconds .

========================================================================
Received Import Request.
  Time since last request: 0.005653 seconds.
  path: Assets/Prefabs/Block.prefab
  artifactKey: Guid(3d25daeb4566b97418550b00def35b13) Importer(815301076,1909f56bfc062723c751e8b465ee728b)
Start importing Assets/Prefabs/Block.prefab using Guid(3d25daeb4566b97418550b00def35b13) Importer(815301076,1909f56bfc062723c751e8b465ee728b)  -> (artifact id: '2b65c66db9f31a9331d41679837eeaff') in 0.047116 seconds
  Import took 0.054220 seconds .

========================================================================
Received Import Request.
  Time since last request: 1.146166 seconds.
  path: Assets/Prefabs/Block.prefab
  artifactKey: Guid(3d25daeb4566b97418550b00def35b13) Importer(815301076,1909f56bfc062723c751e8b465ee728b)
Start importing Assets/Prefabs/Block.prefab using Guid(3d25daeb4566b97418550b00def35b13) Importer(815301076,1909f56bfc062723c751e8b465ee728b)  -> (artifact id: '43f4fdbc25b176d4d67fec3a2891942d') in 0.034301 seconds
  Import took 0.041355 seconds .

========================================================================
Received Import Request.
  Time since last request: 0.008089 seconds.
  path: Assets/Prefabs/Block.prefab
  artifactKey: Guid(3d25daeb4566b97418550b00def35b13) Importer(815301076,1909f56bfc062723c751e8b465ee728b)
Start importing Assets/Prefabs/Block.prefab using Guid(3d25daeb4566b97418550b00def35b13) Importer(815301076,1909f56bfc062723c751e8b465ee728b)  -> (artifact id: '43f4fdbc25b176d4d67fec3a2891942d') in 0.030565 seconds
  Import took 0.037662 seconds .

========================================================================
Received Import Request.
  Time since last request: 0.608576 seconds.
  path: Assets/Prefabs/Block.prefab
  artifactKey: Guid(3d25daeb4566b97418550b00def35b13) Importer(815301076,1909f56bfc062723c751e8b465ee728b)
Start importing Assets/Prefabs/Block.prefab using Guid(3d25daeb4566b97418550b00def35b13) Importer(815301076,1909f56bfc062723c751e8b465ee728b)  -> (artifact id: 'd989d578b98b50f725fddfaaf421b18f') in 0.048795 seconds
  Import took 0.066065 seconds .

========================================================================
Received Import Request.
  Time since last request: 0.017130 seconds.
  path: Assets/Prefabs/Block.prefab
  artifactKey: Guid(3d25daeb4566b97418550b00def35b13) Importer(815301076,1909f56bfc062723c751e8b465ee728b)
Start importing Assets/Prefabs/Block.prefab using Guid(3d25daeb4566b97418550b00def35b13) Importer(815301076,1909f56bfc062723c751e8b465ee728b)  -> (artifact id: 'd989d578b98b50f725fddfaaf421b18f') in 0.031191 seconds
  Import took 0.037692 seconds .

========================================================================
Received Import Request.
  Time since last request: 0.310614 seconds.
  path: Assets/Prefabs/Block.prefab
  artifactKey: Guid(3d25daeb4566b97418550b00def35b13) Importer(815301076,1909f56bfc062723c751e8b465ee728b)
Start importing Assets/Prefabs/Block.prefab using Guid(3d25daeb4566b97418550b00def35b13) Importer(815301076,1909f56bfc062723c751e8b465ee728b)  -> (artifact id: 'a61e5423b1d5395b249e9c310e8fff77') in 0.037511 seconds
  Import took 0.045376 seconds .

========================================================================
Received Import Request.
  Time since last request: 0.004708 seconds.
  path: Assets/Prefabs/Block.prefab
  artifactKey: Guid(3d25daeb4566b97418550b00def35b13) Importer(815301076,1909f56bfc062723c751e8b465ee728b)
Start importing Assets/Prefabs/Block.prefab using Guid(3d25daeb4566b97418550b00def35b13) Importer(815301076,1909f56bfc062723c751e8b465ee728b)  -> (artifact id: 'a61e5423b1d5395b249e9c310e8fff77') in 0.027578 seconds
  Import took 0.034152 seconds .

========================================================================
Received Import Request.
  Time since last request: 3.254333 seconds.
  path: Assets/Prefabs/Block.prefab
  artifactKey: Guid(3d25daeb4566b97418550b00def35b13) Importer(815301076,1909f56bfc062723c751e8b465ee728b)
Start importing Assets/Prefabs/Block.prefab using Guid(3d25daeb4566b97418550b00def35b13) Importer(815301076,1909f56bfc062723c751e8b465ee728b)  -> (artifact id: 'd194ceb60aaae95241489b178494a830') in 0.076058 seconds
  Import took 0.107603 seconds .

========================================================================
Received Import Request.
  Time since last request: 0.481536 seconds.
  path: Assets/Prefabs/Block.prefab
  artifactKey: Guid(3d25daeb4566b97418550b00def35b13) Importer(815301076,1909f56bfc062723c751e8b465ee728b)
Start importing Assets/Prefabs/Block.prefab using Guid(3d25daeb4566b97418550b00def35b13) Importer(815301076,1909f56bfc062723c751e8b465ee728b)  -> (artifact id: 'cb8f464c8811f7e03d5d1f3405b00e02') in 0.029054 seconds
  Import took 0.035553 seconds .

========================================================================
Received Import Request.
  Time since last request: 0.026432 seconds.
  path: Assets/Prefabs/Block.prefab
  artifactKey: Guid(3d25daeb4566b97418550b00def35b13) Importer(815301076,1909f56bfc062723c751e8b465ee728b)
Start importing Assets/Prefabs/Block.prefab using Guid(3d25daeb4566b97418550b00def35b13) Importer(815301076,1909f56bfc062723c751e8b465ee728b)  -> (artifact id: 'cb8f464c8811f7e03d5d1f3405b00e02') in 0.032785 seconds
  Import took 0.039353 seconds .

========================================================================
Received Import Request.
  Time since last request: 2.577347 seconds.
  path: Assets/Prefabs/Block.prefab
  artifactKey: Guid(3d25daeb4566b97418550b00def35b13) Importer(815301076,1909f56bfc062723c751e8b465ee728b)
Start importing Assets/Prefabs/Block.prefab using Guid(3d25daeb4566b97418550b00def35b13) Importer(815301076,1909f56bfc062723c751e8b465ee728b)  -> (artifact id: 'a8665f57618c29448374010c9185efd1') in 0.036340 seconds
  Import took 0.043550 seconds .

========================================================================
Received Import Request.
  Time since last request: 0.012253 seconds.
  path: Assets/Prefabs/Block.prefab
  artifactKey: Guid(3d25daeb4566b97418550b00def35b13) Importer(815301076,1909f56bfc062723c751e8b465ee728b)
Start importing Assets/Prefabs/Block.prefab using Guid(3d25daeb4566b97418550b00def35b13) Importer(815301076,1909f56bfc062723c751e8b465ee728b)  -> (artifact id: 'a8665f57618c29448374010c9185efd1') in 0.047321 seconds
  Import took 0.073030 seconds .

========================================================================
Received Import Request.
  Time since last request: 34.036309 seconds.
  path: Assets/Prefabs/Block.prefab
  artifactKey: Guid(3d25daeb4566b97418550b00def35b13) Importer(815301076,1909f56bfc062723c751e8b465ee728b)
Start importing Assets/Prefabs/Block.prefab using Guid(3d25daeb4566b97418550b00def35b13) Importer(815301076,1909f56bfc062723c751e8b465ee728b)  -> (artifact id: '0ec5adbdf3ad387f0016994d041a02c8') in 0.026983 seconds
  Import took 0.034422 seconds .

========================================================================
Received Import Request.
  Time since last request: 1.071747 seconds.
  path: Assets/Prefabs/Block.prefab
  artifactKey: Guid(3d25daeb4566b97418550b00def35b13) Importer(815301076,1909f56bfc062723c751e8b465ee728b)
Start importing Assets/Prefabs/Block.prefab using Guid(3d25daeb4566b97418550b00def35b13) Importer(815301076,1909f56bfc062723c751e8b465ee728b)  -> (artifact id: '8cca3954e498fcda543b929092522588') in 0.033895 seconds
  Import took 0.038753 seconds .

========================================================================
Received Import Request.
  Time since last request: 122.153613 seconds.
  path: Assets/Prefabs/Block.prefab
  artifactKey: Guid(3d25daeb4566b97418550b00def35b13) Importer(815301076,1909f56bfc062723c751e8b465ee728b)
Start importing Assets/Prefabs/Block.prefab using Guid(3d25daeb4566b97418550b00def35b13) Importer(815301076,1909f56bfc062723c751e8b465ee728b)  -> (artifact id: 'cc9ae41b34a9dd018f67ab88e501a971') in 0.023058 seconds
  Import took 0.030303 seconds .

========================================================================
Received Import Request.
  Time since last request: 195.737608 seconds.
  path: Assets/Prefabs/Block.prefab
  artifactKey: Guid(3d25daeb4566b97418550b00def35b13) Importer(815301076,1909f56bfc062723c751e8b465ee728b)
Start importing Assets/Prefabs/Block.prefab using Guid(3d25daeb4566b97418550b00def35b13) Importer(815301076,1909f56bfc062723c751e8b465ee728b)  -> (artifact id: 'c25666eca1e46a394d87473b27060aef') in 0.035194 seconds
  Import took 0.042121 seconds .

========================================================================
Received Import Request.
  Time since last request: 4.349324 seconds.
  path: Assets/Prefabs/Block.prefab
  artifactKey: Guid(3d25daeb4566b97418550b00def35b13) Importer(815301076,1909f56bfc062723c751e8b465ee728b)
Start importing Assets/Prefabs/Block.prefab using Guid(3d25daeb4566b97418550b00def35b13) Importer(815301076,1909f56bfc062723c751e8b465ee728b)  -> (artifact id: 'e8a6043a7144f06158ab84b42bbc2fe4') in 0.023935 seconds
  Import took 0.031199 seconds .

========================================================================
Received Import Request.
  Time since last request: 9.777730 seconds.
  path: Assets/Prefabs/Block.prefab
  artifactKey: Guid(3d25daeb4566b97418550b00def35b13) Importer(815301076,1909f56bfc062723c751e8b465ee728b)
Start importing Assets/Prefabs/Block.prefab using Guid(3d25daeb4566b97418550b00def35b13) Importer(815301076,1909f56bfc062723c751e8b465ee728b)  -> (artifact id: 'b09d7740ea1a9df8791c0c64d0d1afe4') in 0.034043 seconds
  Import took 0.043230 seconds .

========================================================================
Received Import Request.
  Time since last request: 5.711180 seconds.
  path: Assets/Prefabs/Block.prefab
  artifactKey: Guid(3d25daeb4566b97418550b00def35b13) Importer(815301076,1909f56bfc062723c751e8b465ee728b)
Start importing Assets/Prefabs/Block.prefab using Guid(3d25daeb4566b97418550b00def35b13) Importer(815301076,1909f56bfc062723c751e8b465ee728b)  -> (artifact id: '5bd4c240cbd6ecd15b2be6e7cb1caa2a') in 0.268395 seconds
  Import took 0.274193 seconds .

========================================================================
Received Prepare
Registering precompiled user dll's ...
Registered in 0.004127 seconds.
Begin MonoManager ReloadAssembly
Native extension for WindowsStandalone target not found
Refreshing native plugins compatible for Editor in 0.63 ms, found 1 plugins.
Preloading 0 native plugins for Editor in 0.00 ms.
Invoked RoslynAnalysisRunner static constructor.
RoslynAnalysisRunner will not be running.
RoslynAnalysisRunner has terminated.
Mono: successfully reloaded assembly
- Completed reload, in  2.183 seconds
Platform modules already initialized, skipping
Refreshing native plugins compatible for Editor in 0.83 ms, found 1 plugins.
Preloading 0 native plugins for Editor in 0.00 ms.
Unloading 1806 Unused Serialized files (Serialized files now loaded: 0)
System memory in use before: 91.4 MB.
System memory in use after: 91.4 MB.

Unloading 12 unused Assets to reduce memory usage. Loaded Objects now: 2317.
Total: 3.712100 ms (FindLiveObjects: 0.316900 ms CreateObjectMapping: 0.094800 ms MarkObjects: 3.118700 ms  DeleteObjects: 0.178000 ms)

========================================================================
Received Import Request.
  Time since last request: 1989.363729 seconds.
  path: Assets/Prefabs/Paddle.prefab
  artifactKey: Guid(3bf49664b20304e498357a9e8079b43a) Importer(815301076,1909f56bfc062723c751e8b465ee728b)
Start importing Assets/Prefabs/Paddle.prefab using Guid(3bf49664b20304e498357a9e8079b43a) Importer(815301076,1909f56bfc062723c751e8b465ee728b)  -> (artifact id: 'c97774eebc9a44df8c1a4892d0991e42') in 0.517871 seconds
  Import took 0.548155 seconds .

========================================================================
Received Import Request.
  Time since last request: 1.405378 seconds.
  path: Assets/Prefabs/Ball.prefab
  artifactKey: Guid(788d0a02a10d88248975251184c22643) Importer(815301076,1909f56bfc062723c751e8b465ee728b)
Start importing Assets/Prefabs/Ball.prefab using Guid(788d0a02a10d88248975251184c22643) Importer(815301076,1909f56bfc062723c751e8b465ee728b)  -> (artifact id: 'c042edad05d7d1d3993f8ac616d6dd7c') in 0.060505 seconds
  Import took 0.082528 seconds .

========================================================================
Received Import Request.
  Time since last request: 0.030475 seconds.
  path: Assets/Prefabs/Ball.prefab
  artifactKey: Guid(788d0a02a10d88248975251184c22643) Importer(815301076,1909f56bfc062723c751e8b465ee728b)
Start importing Assets/Prefabs/Ball.prefab using Guid(788d0a02a10d88248975251184c22643) Importer(815301076,1909f56bfc062723c751e8b465ee728b)  -> (artifact id: 'c042edad05d7d1d3993f8ac616d6dd7c') in 0.036199 seconds
  Import took 0.042090 seconds .

========================================================================
Received Import Request.
  Time since last request: 8.987397 seconds.
  path: Assets/Prefabs/Play Space.prefab
  artifactKey: Guid(281a91c6fb5a03141ae11f90c4a8d538) Importer(815301076,1909f56bfc062723c751e8b465ee728b)
Start importing Assets/Prefabs/Play Space.prefab using Guid(281a91c6fb5a03141ae11f90c4a8d538) Importer(815301076,1909f56bfc062723c751e8b465ee728b)  -> (artifact id: 'b5869ad68878dc17e969a4b91ecd1e22') in 0.063277 seconds
  Import took 0.069346 seconds .

========================================================================
Received Import Request.
  Time since last request: 0.001890 seconds.
  path: Assets/Prefabs/Play Space.prefab
  artifactKey: Guid(281a91c6fb5a03141ae11f90c4a8d538) Importer(815301076,1909f56bfc062723c751e8b465ee728b)
Start importing Assets/Prefabs/Play Space.prefab using Guid(281a91c6fb5a03141ae11f90c4a8d538) Importer(815301076,1909f56bfc062723c751e8b465ee728b)  -> (artifact id: 'b5869ad68878dc17e969a4b91ecd1e22') in 0.041076 seconds
  Import took 0.050429 seconds .

========================================================================
Received Import Request.
  Time since last request: 21.376738 seconds.
  path: Assets/Prefabs/Main Camera.prefab
  artifactKey: Guid(f62943aa62ceb9545ae90a4ff88c2421) Importer(815301076,1909f56bfc062723c751e8b465ee728b)
Start importing Assets/Prefabs/Main Camera.prefab using Guid(f62943aa62ceb9545ae90a4ff88c2421) Importer(815301076,1909f56bfc062723c751e8b465ee728b)  -> (artifact id: '166323ccd15304785255ec3b74fa039b') in 0.033815 seconds
  Import took 0.041655 seconds .

========================================================================
Received Import Request.
  Time since last request: 0.016210 seconds.
  path: Assets/Prefabs/Main Camera.prefab
  artifactKey: Guid(f62943aa62ceb9545ae90a4ff88c2421) Importer(815301076,1909f56bfc062723c751e8b465ee728b)
Start importing Assets/Prefabs/Main Camera.prefab using Guid(f62943aa62ceb9545ae90a4ff88c2421) Importer(815301076,1909f56bfc062723c751e8b465ee728b)  -> (artifact id: '166323ccd15304785255ec3b74fa039b') in 0.024543 seconds
  Import took 0.036487 seconds .

========================================================================
Received Import Request.
  Time since last request: 22.648188 seconds.
  path: Assets/Prefabs/Main Camera.prefab
  artifactKey: Guid(f62943aa62ceb9545ae90a4ff88c2421) Importer(815301076,1909f56bfc062723c751e8b465ee728b)
Start importing Assets/Prefabs/Main Camera.prefab using Guid(f62943aa62ceb9545ae90a4ff88c2421) Importer(815301076,1909f56bfc062723c751e8b465ee728b)  -> (artifact id: '45be8dc200a4504a817a6a076bd7f859') in 0.010710 seconds
  Import took 0.242520 seconds .

========================================================================
Received Import Request.
  Time since last request: 17.190772 seconds.
  path: Assets/Prefabs/Game Camera.prefab
  artifactKey: Guid(1e6a3f958c3061e40bf34c5bdfb3d9a8) Importer(815301076,1909f56bfc062723c751e8b465ee728b)
Start importing Assets/Prefabs/Game Camera.prefab using Guid(1e6a3f958c3061e40bf34c5bdfb3d9a8) Importer(815301076,1909f56bfc062723c751e8b465ee728b)  -> (artifact id: '9f433093c95285fcafe3dff71c9e69fa') in 0.014520 seconds
  Import took 0.021368 seconds .

========================================================================
Received Import Request.
  Time since last request: 111.651324 seconds.
  path: Assets/Prefabs/Scene Loader.prefab
  artifactKey: Guid(e4d287b322c50f94ab83739c6bd7e0e5) Importer(815301076,1909f56bfc062723c751e8b465ee728b)
Start importing Assets/Prefabs/Scene Loader.prefab using Guid(e4d287b322c50f94ab83739c6bd7e0e5) Importer(815301076,1909f56bfc062723c751e8b465ee728b)  -> (artifact id: 'b0f47957e396c081b24f637196527caa') in 0.059687 seconds
  Import took 0.070514 seconds .

========================================================================
Received Import Request.
  Time since last request: 8.783492 seconds.
  path: Assets/Prefabs/Game Canvas.prefab
  artifactKey: Guid(6485c6887b7014d46b3d4ef563ca5768) Importer(815301076,1909f56bfc062723c751e8b465ee728b)
Start importing Assets/Prefabs/Game Canvas.prefab using Guid(6485c6887b7014d46b3d4ef563ca5768) Importer(815301076,1909f56bfc062723c751e8b465ee728b)  -> (artifact id: '8ea1125b1e37603fd10f5f241cb98c3a') in 0.071030 seconds
  Import took 0.081604 seconds .

========================================================================
Received Import Request.
  Time since last request: 8.448584 seconds.
  path: Assets/Prefabs/EventSystem.prefab
  artifactKey: Guid(ccb1df93e8b35b04b9b100f36150c317) Importer(815301076,1909f56bfc062723c751e8b465ee728b)
Start importing Assets/Prefabs/EventSystem.prefab using Guid(ccb1df93e8b35b04b9b100f36150c317) Importer(815301076,1909f56bfc062723c751e8b465ee728b)  -> (artifact id: '792beb27b60f36c8937410419598342a') in 0.047147 seconds
  Import took 0.053724 seconds .

========================================================================
Received Import Request.
  Time since last request: 0.007246 seconds.
  path: Assets/Prefabs/EventSystem.prefab
  artifactKey: Guid(ccb1df93e8b35b04b9b100f36150c317) Importer(815301076,1909f56bfc062723c751e8b465ee728b)
Start importing Assets/Prefabs/EventSystem.prefab using Guid(ccb1df93e8b35b04b9b100f36150c317) Importer(815301076,1909f56bfc062723c751e8b465ee728b)  -> (artifact id: '792beb27b60f36c8937410419598342a') in 0.022508 seconds
  Import took 0.031764 seconds .

========================================================================
Received Import Request.
  Time since last request: 14.497798 seconds.
  path: Assets/Scenes/Game Over.unity
  artifactKey: Guid(30106868e4f8c69468a399eadb7d7cc2) Importer(815301076,1909f56bfc062723c751e8b465ee728b)
Start importing Assets/Scenes/Game Over.unity using Guid(30106868e4f8c69468a399eadb7d7cc2) Importer(815301076,1909f56bfc062723c751e8b465ee728b)  -> (artifact id: 'fa29764082f4434f20770db2647f881c') in 0.018291 seconds
  Import took 0.026984 seconds .

========================================================================
Received Prepare
Registering precompiled user dll's ...
Registered in 0.001896 seconds.
Begin MonoManager ReloadAssembly
Native extension for WindowsStandalone target not found
Refreshing native plugins compatible for Editor in 0.67 ms, found 1 plugins.
Preloading 0 native plugins for Editor in 0.00 ms.
Invoked RoslynAnalysisRunner static constructor.
RoslynAnalysisRunner will not be running.
RoslynAnalysisRunner has terminated.
Mono: successfully reloaded assembly
- Completed reload, in  1.866 seconds
Platform modules already initialized, skipping
Refreshing native plugins compatible for Editor in 0.60 ms, found 1 plugins.
Preloading 0 native plugins for Editor in 0.00 ms.
Unloading 1806 Unused Serialized files (Serialized files now loaded: 0)
System memory in use before: 91.5 MB.
System memory in use after: 91.5 MB.

Unloading 12 unused Assets to reduce memory usage. Loaded Objects now: 2322.
Total: 3.686800 ms (FindLiveObjects: 0.225800 ms CreateObjectMapping: 0.079900 ms MarkObjects: 3.203600 ms  DeleteObjects: 0.175600 ms)

========================================================================
Received Import Request.
  Time since last request: 244.551566 seconds.
  path: Assets/Scenes/Level 1.unity
  artifactKey: Guid(5aab9192c23caee4bb131a53267f1dfb) Importer(815301076,1909f56bfc062723c751e8b465ee728b)
Start importing Assets/Scenes/Level 1.unity using Guid(5aab9192c23caee4bb131a53267f1dfb) Importer(815301076,1909f56bfc062723c751e8b465ee728b)  -> (artifact id: '67f7fc98a3ed464baf2eb57caa927463') in 0.052143 seconds
  Import took 0.059202 seconds .

========================================================================
Received Import Request.
  Time since last request: 2.125068 seconds.
  path: Assets/Scenes/Level 2.unity
  artifactKey: Guid(d53fbfe1cd0a56846b328c6a464c0ea7) Importer(815301076,1909f56bfc062723c751e8b465ee728b)
Start importing Assets/Scenes/Level 2.unity using Guid(d53fbfe1cd0a56846b328c6a464c0ea7) Importer(815301076,1909f56bfc062723c751e8b465ee728b)  -> (artifact id: '769c9adb6116ec3581f5437955a701f6') in 0.045421 seconds
  Import took 0.055431 seconds .

========================================================================
Received Prepare
Registering precompiled user dll's ...
Registered in 0.004586 seconds.
Begin MonoManager ReloadAssembly
Native extension for WindowsStandalone target not found
Refreshing native plugins compatible for Editor in 1.11 ms, found 1 plugins.
Preloading 0 native plugins for Editor in 0.00 ms.
Invoked RoslynAnalysisRunner static constructor.
RoslynAnalysisRunner will not be running.
RoslynAnalysisRunner has terminated.
Mono: successfully reloaded assembly
- Completed reload, in  1.996 seconds
Platform modules already initialized, skipping
Refreshing native plugins compatible for Editor in 0.63 ms, found 1 plugins.
Preloading 0 native plugins for Editor in 0.00 ms.
Unloading 1806 Unused Serialized files (Serialized files now loaded: 0)
System memory in use before: 91.5 MB.
System memory in use after: 91.5 MB.

Unloading 12 unused Assets to reduce memory usage. Loaded Objects now: 2326.
Total: 6.749600 ms (FindLiveObjects: 1.690800 ms CreateObjectMapping: 0.144600 ms MarkObjects: 4.582000 ms  DeleteObjects: 0.329400 ms)

========================================================================
Received Import Request.
  Time since last request: 384.594945 seconds.
  path: Assets/Prefabs/Ball.prefab
  artifactKey: Guid(788d0a02a10d88248975251184c22643) Importer(815301076,1909f56bfc062723c751e8b465ee728b)
Start importing Assets/Prefabs/Ball.prefab using Guid(788d0a02a10d88248975251184c22643) Importer(815301076,1909f56bfc062723c751e8b465ee728b)  -> (artifact id: '3c398b200553a425a5cd93c5771a3f7b') in 0.128843 seconds
  Import took 0.136096 seconds .

========================================================================
Received Import Request.
  Time since last request: 0.074841 seconds.
  path: Assets/Prefabs/Ball.prefab
  artifactKey: Guid(788d0a02a10d88248975251184c22643) Importer(815301076,1909f56bfc062723c751e8b465ee728b)
Start importing Assets/Prefabs/Ball.prefab using Guid(788d0a02a10d88248975251184c22643) Importer(815301076,1909f56bfc062723c751e8b465ee728b)  -> (artifact id: '3c398b200553a425a5cd93c5771a3f7b') in 0.030627 seconds
  Import took 0.037327 seconds .

========================================================================
Received Prepare
Registering precompiled user dll's ...
Registered in 0.001592 seconds.
Begin MonoManager ReloadAssembly
Native extension for WindowsStandalone target not found
Refreshing native plugins compatible for Editor in 0.53 ms, found 1 plugins.
Preloading 0 native plugins for Editor in 0.00 ms.
Invoked RoslynAnalysisRunner static constructor.
RoslynAnalysisRunner will not be running.
RoslynAnalysisRunner has terminated.
Mono: successfully reloaded assembly
- Completed reload, in  1.858 seconds
Platform modules already initialized, skipping
Refreshing native plugins compatible for Editor in 0.56 ms, found 1 plugins.
Preloading 0 native plugins for Editor in 0.00 ms.
Unloading 1806 Unused Serialized files (Serialized files now loaded: 0)
System memory in use before: 91.5 MB.
System memory in use after: 91.5 MB.

Unloading 12 unused Assets to reduce memory usage. Loaded Objects now: 2331.
Total: 4.384000 ms (FindLiveObjects: 0.492300 ms CreateObjectMapping: 0.086400 ms MarkObjects: 3.552100 ms  DeleteObjects: 0.250300 ms)

========================================================================
Received Prepare
Registering precompiled user dll's ...
Registered in 0.001329 seconds.
Begin MonoManager ReloadAssembly
Native extension for WindowsStandalone target not found
Refreshing native plugins compatible for Editor in 0.57 ms, found 1 plugins.
Preloading 0 native plugins for Editor in 0.00 ms.
Invoked RoslynAnalysisRunner static constructor.
RoslynAnalysisRunner will not be running.
RoslynAnalysisRunner has terminated.
Mono: successfully reloaded assembly
- Completed reload, in  2.110 seconds
Platform modules already initialized, skipping
Refreshing native plugins compatible for Editor in 0.89 ms, found 1 plugins.
Preloading 0 native plugins for Editor in 0.00 ms.
Unloading 1806 Unused Serialized files (Serialized files now loaded: 0)
System memory in use before: 91.5 MB.
System memory in use after: 91.5 MB.

Unloading 12 unused Assets to reduce memory usage. Loaded Objects now: 2335.
Total: 5.216900 ms (FindLiveObjects: 0.547400 ms CreateObjectMapping: 0.170100 ms MarkObjects: 4.199100 ms  DeleteObjects: 0.296400 ms)

========================================================================
Received Prepare
Registering precompiled user dll's ...
Registered in 0.001962 seconds.
Begin MonoManager ReloadAssembly
Native extension for WindowsStandalone target not found
Refreshing native plugins compatible for Editor in 0.61 ms, found 1 plugins.
Preloading 0 native plugins for Editor in 0.00 ms.
Invoked RoslynAnalysisRunner static constructor.
RoslynAnalysisRunner will not be running.
RoslynAnalysisRunner has terminated.
Mono: successfully reloaded assembly
- Completed reload, in  2.329 seconds
Platform modules already initialized, skipping
Refreshing native plugins compatible for Editor in 0.90 ms, found 1 plugins.
Preloading 0 native plugins for Editor in 0.00 ms.
Unloading 1806 Unused Serialized files (Serialized files now loaded: 0)
System memory in use before: 91.5 MB.
System memory in use after: 91.5 MB.

Unloading 12 unused Assets to reduce memory usage. Loaded Objects now: 2339.
Total: 5.270000 ms (FindLiveObjects: 0.518900 ms CreateObjectMapping: 0.215000 ms MarkObjects: 4.245500 ms  DeleteObjects: 0.286600 ms)

========================================================================
Received Prepare
Registering precompiled user dll's ...
Registered in 0.001365 seconds.
Begin MonoManager ReloadAssembly
Native extension for WindowsStandalone target not found
Refreshing native plugins compatible for Editor in 0.86 ms, found 1 plugins.
Preloading 0 native plugins for Editor in 0.00 ms.
Invoked RoslynAnalysisRunner static constructor.
RoslynAnalysisRunner will not be running.
RoslynAnalysisRunner has terminated.
Mono: successfully reloaded assembly
- Completed reload, in  4.614 seconds
Platform modules already initialized, skipping
Refreshing native plugins compatible for Editor in 0.94 ms, found 1 plugins.
Preloading 0 native plugins for Editor in 0.00 ms.
Unloading 1806 Unused Serialized files (Serialized files now loaded: 0)
System memory in use before: 91.5 MB.
System memory in use after: 91.5 MB.

Unloading 12 unused Assets to reduce memory usage. Loaded Objects now: 2343.
Total: 3.589700 ms (FindLiveObjects: 0.572500 ms CreateObjectMapping: 0.130300 ms MarkObjects: 2.689600 ms  DeleteObjects: 0.194200 ms)

========================================================================
Received Prepare
Registering precompiled user dll's ...
Registered in 0.005258 seconds.
Begin MonoManager ReloadAssembly
Native extension for WindowsStandalone target not found
Refreshing native plugins compatible for Editor in 0.61 ms, found 1 plugins.
Preloading 0 native plugins for Editor in 0.00 ms.
Invoked RoslynAnalysisRunner static constructor.
RoslynAnalysisRunner will not be running.
RoslynAnalysisRunner has terminated.
Mono: successfully reloaded assembly
- Completed reload, in  1.880 seconds
Platform modules already initialized, skipping
Refreshing native plugins compatible for Editor in 0.79 ms, found 1 plugins.
Preloading 0 native plugins for Editor in 0.00 ms.
Unloading 1806 Unused Serialized files (Serialized files now loaded: 0)
System memory in use before: 91.5 MB.
System memory in use after: 91.5 MB.

Unloading 12 unused Assets to reduce memory usage. Loaded Objects now: 2347.
Total: 5.062900 ms (FindLiveObjects: 0.380100 ms CreateObjectMapping: 0.107800 ms MarkObjects: 4.297300 ms  DeleteObjects: 0.274400 ms)

========================================================================
Received Import Request.
  Time since last request: 785.587117 seconds.
  path: Assets/Prefabs/Ball.prefab
  artifactKey: Guid(788d0a02a10d88248975251184c22643) Importer(815301076,1909f56bfc062723c751e8b465ee728b)
Start importing Assets/Prefabs/Ball.prefab using Guid(788d0a02a10d88248975251184c22643) Importer(815301076,1909f56bfc062723c751e8b465ee728b)  -> (artifact id: '648108107ab6f231c25da41478504bf5') in 0.151677 seconds
  Import took 0.161700 seconds .

========================================================================
Received Import Request.
  Time since last request: 0.004562 seconds.
  path: Assets/Prefabs/Ball.prefab
  artifactKey: Guid(788d0a02a10d88248975251184c22643) Importer(815301076,1909f56bfc062723c751e8b465ee728b)
Start importing Assets/Prefabs/Ball.prefab using Guid(788d0a02a10d88248975251184c22643) Importer(815301076,1909f56bfc062723c751e8b465ee728b)  -> (artifact id: '648108107ab6f231c25da41478504bf5') in 0.032619 seconds
  Import took 0.040488 seconds .

========================================================================
Received Import Request.
  Time since last request: 63.434355 seconds.
  path: Assets/Sounds
  artifactKey: Guid(66d77cf0e6acc7b41896aeda7e4a4cfc) Importer(815301076,1909f56bfc062723c751e8b465ee728b)
Start importing Assets/Sounds using Guid(66d77cf0e6acc7b41896aeda7e4a4cfc) Importer(815301076,1909f56bfc062723c751e8b465ee728b)  -> (artifact id: 'ecb3df6f1b5b550a1961c67a9778ee08') in 0.220630 seconds
  Import took 0.227817 seconds .

========================================================================
Received Import Request.
  Time since last request: 28.917529 seconds.
  path: Assets/Sounds/SFX_Bounce.ogg
  artifactKey: Guid(9d31ccdfbf677ee4eb77d6386e9b54c6) Importer(815301076,1909f56bfc062723c751e8b465ee728b)
Start importing Assets/Sounds/SFX_Bounce.ogg using Guid(9d31ccdfbf677ee4eb77d6386e9b54c6) Importer(815301076,1909f56bfc062723c751e8b465ee728b)  -> (artifact id: '8f23e67c0b281f262d6669d120f6b0d2') in 0.284161 seconds
  Import took 0.298719 seconds .

========================================================================
Received Import Request.
  Time since last request: 0.000407 seconds.
  path: Assets/Sounds/SFX_Click.ogg
  artifactKey: Guid(e11966cc662e9b148b23c8dc90958ebf) Importer(815301076,1909f56bfc062723c751e8b465ee728b)
Start importing Assets/Sounds/SFX_Click.ogg using Guid(e11966cc662e9b148b23c8dc90958ebf) Importer(815301076,1909f56bfc062723c751e8b465ee728b)  -> (artifact id: 'fb8728864c7d114082b89f57b882a0ec') in 0.073459 seconds
  Import took 0.082705 seconds .

========================================================================
Received Import Request.
  Time since last request: 0.000360 seconds.
  path: Assets/Sounds/SFX_Clunk.ogg
  artifactKey: Guid(be5959e1179af754584ae81a37c3f845) Importer(815301076,1909f56bfc062723c751e8b465ee728b)
Start importing Assets/Sounds/SFX_Clunk.ogg using Guid(be5959e1179af754584ae81a37c3f845) Importer(815301076,1909f56bfc062723c751e8b465ee728b)  -> (artifact id: '62e1a3690500ea3fe775733398207a90') in 0.049737 seconds
  Import took 0.054831 seconds .

========================================================================
Received Import Request.
  Time since last request: 0.000372 seconds.
  path: Assets/Sounds/SFX_Click_3.ogg
  artifactKey: Guid(3778d41738a20dc43aa98b293528b3e1) Importer(815301076,1909f56bfc062723c751e8b465ee728b)
Start importing Assets/Sounds/SFX_Click_3.ogg using Guid(3778d41738a20dc43aa98b293528b3e1) Importer(815301076,1909f56bfc062723c751e8b465ee728b)  -> (artifact id: '95d36a1f1410f4d235be886ae3fa0247') in 0.064804 seconds
  Import took 0.077273 seconds .

========================================================================
Received Import Request.
  Time since last request: 0.000185 seconds.
  path: Assets/Sounds/SFX_Click_2.ogg
  artifactKey: Guid(aa9b1a071da116f43b09e827000f1bc3) Importer(815301076,1909f56bfc062723c751e8b465ee728b)
Start importing Assets/Sounds/SFX_Click_2.ogg using Guid(aa9b1a071da116f43b09e827000f1bc3) Importer(815301076,1909f56bfc062723c751e8b465ee728b)  -> (artifact id: '3df6bdfa0fa7cbe247a4a91236ff1372') in 0.079622 seconds
  Import took 0.087911 seconds .

========================================================================
Received Import Request.
  Time since last request: 0.004903 seconds.
  path: Assets/Sounds/SFX_Click_2.ogg
  artifactKey: Guid(aa9b1a071da116f43b09e827000f1bc3) Importer(815301076,1909f56bfc062723c751e8b465ee728b)
Start importing Assets/Sounds/SFX_Click_2.ogg using Guid(aa9b1a071da116f43b09e827000f1bc3) Importer(815301076,1909f56bfc062723c751e8b465ee728b)  -> (artifact id: '3df6bdfa0fa7cbe247a4a91236ff1372') in 0.015545 seconds
  Import took 0.020298 seconds .

========================================================================
Received Import Request.
  Time since last request: 251.561879 seconds.
  path: Assets/Prefabs/Ball.prefab
  artifactKey: Guid(788d0a02a10d88248975251184c22643) Importer(815301076,1909f56bfc062723c751e8b465ee728b)
Start importing Assets/Prefabs/Ball.prefab using Guid(788d0a02a10d88248975251184c22643) Importer(815301076,1909f56bfc062723c751e8b465ee728b)  -> (artifact id: 'b868224f48f8403e670167ac06264a37') in 0.044615 seconds
  Import took 0.052541 seconds .

========================================================================
Received Import Request.
  Time since last request: 4.907006 seconds.
  path: Assets/Prefabs/Ball.prefab
  artifactKey: Guid(788d0a02a10d88248975251184c22643) Importer(815301076,1909f56bfc062723c751e8b465ee728b)
Start importing Assets/Prefabs/Ball.prefab using Guid(788d0a02a10d88248975251184c22643) Importer(815301076,1909f56bfc062723c751e8b465ee728b)  -> (artifact id: '4c741468e1e5761d753305b084d05705') in 0.032387 seconds
  Import took 0.044802 seconds .

========================================================================
Received Prepare
Registering precompiled user dll's ...
Registered in 0.002988 seconds.
Begin MonoManager ReloadAssembly
Native extension for WindowsStandalone target not found
Refreshing native plugins compatible for Editor in 0.78 ms, found 1 plugins.
Preloading 0 native plugins for Editor in 0.00 ms.
Invoked RoslynAnalysisRunner static constructor.
RoslynAnalysisRunner will not be running.
RoslynAnalysisRunner has terminated.
Mono: successfully reloaded assembly
- Completed reload, in  3.352 seconds
Platform modules already initialized, skipping
Refreshing native plugins compatible for Editor in 1.91 ms, found 1 plugins.
Preloading 0 native plugins for Editor in 0.00 ms.
Unloading 1806 Unused Serialized files (Serialized files now loaded: 0)
System memory in use before: 91.6 MB.
System memory in use after: 91.6 MB.

Unloading 12 unused Assets to reduce memory usage. Loaded Objects now: 2354.
Total: 21.919200 ms (FindLiveObjects: 2.020900 ms CreateObjectMapping: 0.233000 ms MarkObjects: 18.619800 ms  DeleteObjects: 1.013700 ms)

========================================================================
Received Import Request.
  Time since last request: 270.023366 seconds.
  path: Assets/Scripts/Ball.cs
  artifactKey: Guid(d343ca41a6a8ee94b8294cc9f4ea2102) Importer(815301076,1909f56bfc062723c751e8b465ee728b)
Start importing Assets/Scripts/Ball.cs using Guid(d343ca41a6a8ee94b8294cc9f4ea2102) Importer(815301076,1909f56bfc062723c751e8b465ee728b)  -> (artifact id: '4aeab2d2842782543198dc8528e814df') in 0.013294 seconds
  Import took 0.023086 seconds .

========================================================================
Received Prepare
Registering precompiled user dll's ...
Registered in 0.003060 seconds.
Begin MonoManager ReloadAssembly
Native extension for WindowsStandalone target not found
Refreshing native plugins compatible for Editor in 2.33 ms, found 1 plugins.
Preloading 0 native plugins for Editor in 0.00 ms.
Invoked RoslynAnalysisRunner static constructor.
RoslynAnalysisRunner will not be running.
RoslynAnalysisRunner has terminated.
Mono: successfully reloaded assembly
- Completed reload, in  4.097 seconds
Platform modules already initialized, skipping
Refreshing native plugins compatible for Editor in 0.96 ms, found 1 plugins.
Preloading 0 native plugins for Editor in 0.00 ms.
Unloading 1806 Unused Serialized files (Serialized files now loaded: 0)
System memory in use before: 91.7 MB.
System memory in use after: 91.7 MB.

Unloading 12 unused Assets to reduce memory usage. Loaded Objects now: 2358.
Total: 7.137800 ms (FindLiveObjects: 0.406700 ms CreateObjectMapping: 0.141800 ms MarkObjects: 6.236000 ms  DeleteObjects: 0.349800 ms)

========================================================================
Received Prepare
Registering precompiled user dll's ...
Registered in 0.001275 seconds.
Begin MonoManager ReloadAssembly
Native extension for WindowsStandalone target not found
Refreshing native plugins compatible for Editor in 0.88 ms, found 1 plugins.
Preloading 0 native plugins for Editor in 0.00 ms.
Invoked RoslynAnalysisRunner static constructor.
RoslynAnalysisRunner will not be running.
RoslynAnalysisRunner has terminated.
Mono: successfully reloaded assembly
- Completed reload, in  1.430 seconds
Platform modules already initialized, skipping
Refreshing native plugins compatible for Editor in 0.92 ms, found 1 plugins.
Preloading 0 native plugins for Editor in 0.00 ms.
Unloading 1806 Unused Serialized files (Serialized files now loaded: 0)
System memory in use before: 91.7 MB.
System memory in use after: 91.7 MB.

Unloading 12 unused Assets to reduce memory usage. Loaded Objects now: 2362.
Total: 3.082200 ms (FindLiveObjects: 0.370400 ms CreateObjectMapping: 0.094200 ms MarkObjects: 2.432100 ms  DeleteObjects: 0.182800 ms)

AssetImportWorkerClient::OnTransportError - code=2 error=End of file
