Using pre-set license
Built from '2020.2/release' branch; Version is '2020.2.2f1 (068178b99f32) revision 426360'; Using compiler version '192528614'; Build Type 'Release'
OS: 'Windows 10 Home; OS build 19041.804; Version 2004; 64bit' Language: 'ko' Physical Memory: 4008 MB
BatchMode: 1, IsHumanControllingUs: 0, StartBugReporterOnCrash: 0, Is64bit: 1, IsPro: 0

 COMMAND LINE ARGUMENTS:
C:\Program Files\Unity\Hub\Editor\2020.2.2f1\Editor\Unity.exe
-adb2
-batchMode
-noUpm
-name
AssetImportWorker0
-projectPath
D:/Unity/Unity2D/Number Wizard UI
-logFile
Logs/AssetImportWorker0.log
-srvPort
56932
Successfully changed project path to: D:/Unity/Unity2D/Number Wizard UI
D:/Unity/Unity2D/Number Wizard UI
Using Asset Import Pipeline V2.
Refreshing native plugins compatible for Editor in 94.83 ms, found 1 plugins.
Preloading 0 native plugins for Editor in 0.00 ms.
Initialize engine version: 2020.2.2f1 (068178b99f32)
[Subsystems] Discovering subsystems at path C:/Program Files/Unity/Hub/Editor/2020.2.2f1/Editor/Data/Resources/UnitySubsystems
[Subsystems] Discovering subsystems at path D:/Unity/Unity2D/Number Wizard UI/Assets
GfxDevice: creating device client; threaded=0
Direct3D:
    Version:  Direct3D 11.0 [level 11.0]
    Renderer: NVIDIA GeForce GT 540M (ID=0xdf4)
    Vendor:   
    VRAM:     1999 MB
    Driver:   21.21.13.7654
Initialize mono
Mono path[0] = 'C:/Program Files/Unity/Hub/Editor/2020.2.2f1/Editor/Data/Managed'
Mono path[1] = 'C:/Program Files/Unity/Hub/Editor/2020.2.2f1/Editor/Data/MonoBleedingEdge/lib/mono/unityjit'
Mono config path = 'C:/Program Files/Unity/Hub/Editor/2020.2.2f1/Editor/Data/MonoBleedingEdge/etc'
Using monoOptions --debugger-agent=transport=dt_socket,embedding=1,server=y,suspend=n,address=127.0.0.1:56612
Begin MonoManager ReloadAssembly
Registering precompiled unity dll's ...
Register platform support module: C:/Program Files/Unity/Hub/Editor/2020.2.2f1/Editor/Data/PlaybackEngines/WindowsStandaloneSupport/UnityEditor.WindowsStandalone.Extensions.dll
Registered in 0.007220 seconds.
Native extension for WindowsStandalone target not found
Refreshing native plugins compatible for Editor in 72.97 ms, found 1 plugins.
Preloading 0 native plugins for Editor in 0.00 ms.
Invoked RoslynAnalysisRunner static constructor.
RoslynAnalysisRunner will not be running.
RoslynAnalysisRunner has terminated.
Mono: successfully reloaded assembly
- Completed reload, in  2.611 seconds
Platform modules already initialized, skipping
Registering precompiled user dll's ...
Registered in 0.001204 seconds.
Begin MonoManager ReloadAssembly
Native extension for WindowsStandalone target not found
Refreshing native plugins compatible for Editor in 69.41 ms, found 1 plugins.
Preloading 0 native plugins for Editor in 0.00 ms.
Invoked RoslynAnalysisRunner static constructor.
RoslynAnalysisRunner will not be running.
RoslynAnalysisRunner has terminated.
Mono: successfully reloaded assembly
- Completed reload, in  2.192 seconds
Platform modules already initialized, skipping
========================================================================
Worker process is ready to serve import requests
Launched and connected shader compiler UnityShaderCompiler.exe after 0.12 seconds
Refreshing native plugins compatible for Editor in 0.81 ms, found 1 plugins.
Preloading 0 native plugins for Editor in 0.00 ms.
Unloading 1839 Unused Serialized files (Serialized files now loaded: 0)
System memory in use before: 102.6 MB.
System memory in use after: 102.6 MB.

Unloading 24 unused Assets to reduce memory usage. Loaded Objects now: 2296.
Total: 5.305200 ms (FindLiveObjects: 0.374400 ms CreateObjectMapping: 0.137500 ms MarkObjects: 4.344100 ms  DeleteObjects: 0.445900 ms)

========================================================================
Received Import Request.
  path: Assets/Scenes/WinScene.unity
  artifactKey: Guid(742fcb694625f134f9eafe78ffadffd6) Importer(815301076,1909f56bfc062723c751e8b465ee728b)
Start importing Assets/Scenes/WinScene.unity using Guid(742fcb694625f134f9eafe78ffadffd6) Importer(815301076,1909f56bfc062723c751e8b465ee728b)  -> (artifact id: '33c5f752ad7de52693ef8f96e905f8a7') in 0.057388 seconds
  Import took 0.076930 seconds .

========================================================================
Received Prepare
Registering precompiled user dll's ...
Registered in 0.001365 seconds.
Begin MonoManager ReloadAssembly
Native extension for WindowsStandalone target not found
Refreshing native plugins compatible for Editor in 0.59 ms, found 1 plugins.
Preloading 0 native plugins for Editor in 0.00 ms.
Invoked RoslynAnalysisRunner static constructor.
RoslynAnalysisRunner will not be running.
RoslynAnalysisRunner has terminated.
Mono: successfully reloaded assembly
- Completed reload, in  2.744 seconds
Platform modules already initialized, skipping
Refreshing native plugins compatible for Editor in 0.61 ms, found 1 plugins.
Preloading 0 native plugins for Editor in 0.00 ms.
Unloading 1822 Unused Serialized files (Serialized files now loaded: 0)
System memory in use before: 101.9 MB.
System memory in use after: 101.9 MB.

Unloading 12 unused Assets to reduce memory usage. Loaded Objects now: 2300.
Total: 3.798700 ms (FindLiveObjects: 0.648700 ms CreateObjectMapping: 0.156300 ms MarkObjects: 2.757700 ms  DeleteObjects: 0.233000 ms)

========================================================================
Received Import Request.
  Time since last request: 295.892435 seconds.
  path: Assets/Scripts
  artifactKey: Guid(8a71ec363ee60cc4b8ece23119b462ed) Importer(815301076,1909f56bfc062723c751e8b465ee728b)
Start importing Assets/Scripts using Guid(8a71ec363ee60cc4b8ece23119b462ed) Importer(815301076,1909f56bfc062723c751e8b465ee728b)  -> (artifact id: 'e642fa5e0d577a6553061cdf30ae1bfb') in 0.017211 seconds
  Import took 0.025363 seconds .

========================================================================
Received Prepare
Registering precompiled user dll's ...
Registered in 0.001325 seconds.
Begin MonoManager ReloadAssembly
Native extension for WindowsStandalone target not found
Refreshing native plugins compatible for Editor in 0.96 ms, found 1 plugins.
Preloading 0 native plugins for Editor in 0.00 ms.
Invoked RoslynAnalysisRunner static constructor.
RoslynAnalysisRunner will not be running.
RoslynAnalysisRunner has terminated.
Mono: successfully reloaded assembly
- Completed reload, in  2.626 seconds
Platform modules already initialized, skipping
Refreshing native plugins compatible for Editor in 0.67 ms, found 1 plugins.
Preloading 0 native plugins for Editor in 0.00 ms.
Unloading 1822 Unused Serialized files (Serialized files now loaded: 0)
System memory in use before: 102.3 MB.
System memory in use after: 102.3 MB.

Unloading 12 unused Assets to reduce memory usage. Loaded Objects now: 2303.
Total: 5.728500 ms (FindLiveObjects: 0.367800 ms CreateObjectMapping: 0.115200 ms MarkObjects: 4.896300 ms  DeleteObjects: 0.346500 ms)

========================================================================
Received Import Request.
  Time since last request: 31.210628 seconds.
  path: Assets/Scripts/SceneLoader.cs
  artifactKey: Guid(7c0fd19b46f3e12478f21cb7fede3906) Importer(815301076,1909f56bfc062723c751e8b465ee728b)
Start importing Assets/Scripts/SceneLoader.cs using Guid(7c0fd19b46f3e12478f21cb7fede3906) Importer(815301076,1909f56bfc062723c751e8b465ee728b)  -> (artifact id: 'e1d646e8e7a8e9b2c81d0ec8f1a93b40') in 0.083587 seconds
  Import took 0.090990 seconds .

========================================================================
Received Prepare
Registering precompiled user dll's ...
Registered in 0.003985 seconds.
Begin MonoManager ReloadAssembly
Native extension for WindowsStandalone target not found
Refreshing native plugins compatible for Editor in 0.77 ms, found 1 plugins.
Preloading 0 native plugins for Editor in 0.00 ms.
Invoked RoslynAnalysisRunner static constructor.
RoslynAnalysisRunner will not be running.
RoslynAnalysisRunner has terminated.
Mono: successfully reloaded assembly
- Completed reload, in  3.493 seconds
Platform modules already initialized, skipping
Refreshing native plugins compatible for Editor in 0.64 ms, found 1 plugins.
Preloading 0 native plugins for Editor in 0.00 ms.
Unloading 1822 Unused Serialized files (Serialized files now loaded: 0)
System memory in use before: 102.4 MB.
System memory in use after: 102.3 MB.

Unloading 12 unused Assets to reduce memory usage. Loaded Objects now: 2306.
Total: 5.662600 ms (FindLiveObjects: 0.561900 ms CreateObjectMapping: 0.162200 ms MarkObjects: 4.232700 ms  DeleteObjects: 0.702900 ms)

========================================================================
Received Import Request.
  Time since last request: 329.148243 seconds.
  path: Assets/Scripts/SceneLoader.cs
  artifactKey: Guid(7c0fd19b46f3e12478f21cb7fede3906) Importer(815301076,1909f56bfc062723c751e8b465ee728b)
Start importing Assets/Scripts/SceneLoader.cs using Guid(7c0fd19b46f3e12478f21cb7fede3906) Importer(815301076,1909f56bfc062723c751e8b465ee728b)  -> (artifact id: '022981bec904a3fa9f0ef28becb84451') in 0.011355 seconds
  Import took 0.016792 seconds .

========================================================================
Received Import Request.
  Time since last request: 111.840364 seconds.
  path: Assets/Scenes/CoreGame.unity
  artifactKey: Guid(9b6520b2691e3934fb13d24a380f27c2) Importer(815301076,1909f56bfc062723c751e8b465ee728b)
Start importing Assets/Scenes/CoreGame.unity using Guid(9b6520b2691e3934fb13d24a380f27c2) Importer(815301076,1909f56bfc062723c751e8b465ee728b)  -> (artifact id: '7b56f74e1539aacb14b2fcd6513a9d64') in 0.058536 seconds
  Import took 0.066465 seconds .

========================================================================
Received Import Request.
  Time since last request: 114.067953 seconds.
  path: Assets/TextMesh Pro/Examples & Extras/Resources/Fonts & Materials/Roboto-Bold SDF.asset
  artifactKey: Guid(5302535af1044152a457ed104f1f4b91) Importer(815301076,1909f56bfc062723c751e8b465ee728b)
Start importing Assets/TextMesh Pro/Examples & Extras/Resources/Fonts & Materials/Roboto-Bold SDF.asset using Guid(5302535af1044152a457ed104f1f4b91) Importer(815301076,1909f56bfc062723c751e8b465ee728b)  -> (artifact id: '28edf57e5213510ce2f83ef1e4b4ccd3') in 0.661484 seconds
  Import took 0.673168 seconds .

========================================================================
Received Import Request.
  Time since last request: 5.441014 seconds.
  path: Assets/TextMesh Pro/Examples & Extras/Materials/Small Crate_diffuse.mat
  artifactKey: Guid(22262639920f43d6be32430e4e58350d) Importer(815301076,1909f56bfc062723c751e8b465ee728b)
Start importing Assets/TextMesh Pro/Examples & Extras/Materials/Small Crate_diffuse.mat using Guid(22262639920f43d6be32430e4e58350d) Importer(815301076,1909f56bfc062723c751e8b465ee728b)  -> (artifact id: '6b878387d5ebb1d773f5f0358ce32604') in 1.033548 seconds
  Import took 1.041627 seconds .

========================================================================
Received Import Request.
  Time since last request: 0.000396 seconds.
  path: Assets/TextMesh Pro/Examples & Extras/Textures/Small Crate_normal.jpg
  artifactKey: Guid(8878a782f4334ecbbcf683b3ac780966) Importer(815301076,1909f56bfc062723c751e8b465ee728b)
Start importing Assets/TextMesh Pro/Examples & Extras/Textures/Small Crate_normal.jpg using Guid(8878a782f4334ecbbcf683b3ac780966) Importer(815301076,1909f56bfc062723c751e8b465ee728b)  -> (artifact id: 'f593fd26bacb20cbae794a69f002f885') in 0.184389 seconds
  Import took 0.189883 seconds .

========================================================================
Received Import Request.
  Time since last request: 0.000209 seconds.
  path: Assets/TextMesh Pro/Examples & Extras/Textures/Small Crate_diffuse.jpg
  artifactKey: Guid(602cb87b6a29443b8636370ea0751574) Importer(815301076,1909f56bfc062723c751e8b465ee728b)
Start importing Assets/TextMesh Pro/Examples & Extras/Textures/Small Crate_diffuse.jpg using Guid(602cb87b6a29443b8636370ea0751574) Importer(815301076,1909f56bfc062723c751e8b465ee728b)  -> (artifact id: '76fbd49010b013bced92cde61e4ed394') in 0.030122 seconds
  Import took 0.037760 seconds .

========================================================================
Received Import Request.
  Time since last request: 0.000367 seconds.
  path: Assets/TextMesh Pro/Examples & Extras/Prefabs/Text Popup.prefab
  artifactKey: Guid(b06f0e6c1dfa4356ac918da1bb32c603) Importer(815301076,1909f56bfc062723c751e8b465ee728b)
Start importing Assets/TextMesh Pro/Examples & Extras/Prefabs/Text Popup.prefab using Guid(b06f0e6c1dfa4356ac918da1bb32c603) Importer(815301076,1909f56bfc062723c751e8b465ee728b)  -> (artifact id: '7d1c24513cd735c222528644f65eb7e4') in 0.148234 seconds
  Import took 0.153670 seconds .

========================================================================
Received Import Request.
  Time since last request: 0.000441 seconds.
  path: Assets/TextMesh Pro/Examples & Extras/Textures/Text Overflow - Linked Text Image 1.png
  artifactKey: Guid(4ccf43d26c4748c792174516f4a8fcef) Importer(815301076,1909f56bfc062723c751e8b465ee728b)
Start importing Assets/TextMesh Pro/Examples & Extras/Textures/Text Overflow - Linked Text Image 1.png using Guid(4ccf43d26c4748c792174516f4a8fcef) Importer(815301076,1909f56bfc062723c751e8b465ee728b)  -> (artifact id: '826aead3e5cfed5ee4ae8710bacf03ff') in 0.058188 seconds
  Import took 0.063964 seconds .

========================================================================
Received Import Request.
  Time since last request: 0.000411 seconds.
  path: Assets/TextMesh Pro/Examples & Extras/Textures/Sunny Days - Seamless.jpg
  artifactKey: Guid(17c350171f7a3ca479f830547c66d187) Importer(815301076,1909f56bfc062723c751e8b465ee728b)
Start importing Assets/TextMesh Pro/Examples & Extras/Textures/Sunny Days - Seamless.jpg using Guid(17c350171f7a3ca479f830547c66d187) Importer(815301076,1909f56bfc062723c751e8b465ee728b)  -> (artifact id: 'f3ad5bcf979401c1d9ae88cfdb10359e') in 0.051333 seconds
  Import took 0.068433 seconds .

========================================================================
Received Import Request.
  Time since last request: 0.000087 seconds.
  path: Assets/TextMesh Pro/Examples & Extras/Textures/Text Overflow - Linked Text UI Screenshot.png
  artifactKey: Guid(c76d18757a194d618355f05f815cb0a1) Importer(815301076,1909f56bfc062723c751e8b465ee728b)
Start importing Assets/TextMesh Pro/Examples & Extras/Textures/Text Overflow - Linked Text UI Screenshot.png using Guid(c76d18757a194d618355f05f815cb0a1) Importer(815301076,1909f56bfc062723c751e8b465ee728b)  -> (artifact id: '48a6e5cec2b20af792ced5e1f17d6759') in 0.052847 seconds
  Import took 0.059237 seconds .

========================================================================
Received Import Request.
  Time since last request: 1.724799 seconds.
  path: Assets/TextMesh Pro/Examples & Extras/Prefabs/TextMeshPro - Prefab 1.prefab
  artifactKey: Guid(a6e39ced0ea046bcb636c3f0b2e2a745) Importer(815301076,1909f56bfc062723c751e8b465ee728b)
Start importing Assets/TextMesh Pro/Examples & Extras/Prefabs/TextMeshPro - Prefab 1.prefab using Guid(a6e39ced0ea046bcb636c3f0b2e2a745) Importer(815301076,1909f56bfc062723c751e8b465ee728b)  -> (artifact id: 'cf8a94bc5e10352e13064297c049e488') in 0.072800 seconds
  Import took 0.080882 seconds .

========================================================================
Received Import Request.
  Time since last request: 0.000377 seconds.
  path: Assets/TextMesh Pro/Examples & Extras/Prefabs/TextMeshPro - Prefab 2.prefab
  artifactKey: Guid(fdad9d952ae84cafb74c63f2e694d042) Importer(815301076,1909f56bfc062723c751e8b465ee728b)
Start importing Assets/TextMesh Pro/Examples & Extras/Prefabs/TextMeshPro - Prefab 2.prefab using Guid(fdad9d952ae84cafb74c63f2e694d042) Importer(815301076,1909f56bfc062723c751e8b465ee728b)  -> (artifact id: '7b9705c139330a0207a448b70262491a') in 0.066844 seconds
  Import took 0.074228 seconds .

========================================================================
Received Import Request.
  Time since last request: 2.411286 seconds.
  path: Assets/TextMesh Pro/Resources/TMP Settings.asset
  artifactKey: Guid(3f5b5dff67a942289a9defa416b206f3) Importer(815301076,1909f56bfc062723c751e8b465ee728b)
Start importing Assets/TextMesh Pro/Resources/TMP Settings.asset using Guid(3f5b5dff67a942289a9defa416b206f3) Importer(815301076,1909f56bfc062723c751e8b465ee728b)  -> (artifact id: '63e312c7866c9d819988aa7624d98ddc') in 0.071056 seconds
  Import took 0.076046 seconds .

========================================================================
Received Import Request.
  Time since last request: 25.131062 seconds.
  path: Assets/Fonts/AlphaWizard SDF.asset
  artifactKey: Guid(49da9de4209f3924fa4b2b9804795cd7) Importer(815301076,1909f56bfc062723c751e8b465ee728b)
Start importing Assets/Fonts/AlphaWizard SDF.asset using Guid(49da9de4209f3924fa4b2b9804795cd7) Importer(815301076,1909f56bfc062723c751e8b465ee728b)  -> (artifact id: '32d716a1f5f6b60b19f4a5db743d4366') in 0.055526 seconds
  Import took 0.060761 seconds .

========================================================================
Received Import Request.
  Time since last request: 2.897322 seconds.
  path: Assets/Scenes/Start Menu.unity
  artifactKey: Guid(91eb938ea415c4d45ab9936cc2a4975c) Importer(815301076,1909f56bfc062723c751e8b465ee728b)
Start importing Assets/Scenes/Start Menu.unity using Guid(91eb938ea415c4d45ab9936cc2a4975c) Importer(815301076,1909f56bfc062723c751e8b465ee728b)  -> (artifact id: '78da4dc89f28fbf8dc5d89cd8580d744') in 0.013661 seconds
  Import took 0.020140 seconds .

========================================================================
Received Import Request.
  Time since last request: 33.826303 seconds.
  path: Assets/Scenes/Scene Loader.prefab
  artifactKey: Guid(3bcc6e2cc830c044e94a7252d507c5c8) Importer(815301076,1909f56bfc062723c751e8b465ee728b)
Start importing Assets/Scenes/Scene Loader.prefab using Guid(3bcc6e2cc830c044e94a7252d507c5c8) Importer(815301076,1909f56bfc062723c751e8b465ee728b)  -> (artifact id: '97c89d03ab372512639d5f46f01bc94d') in 0.016121 seconds
  Import took 0.022944 seconds .

========================================================================
Received Import Request.
  Time since last request: 0.015171 seconds.
  path: Assets/Scenes/Scene Loader.prefab
  artifactKey: Guid(3bcc6e2cc830c044e94a7252d507c5c8) Importer(815301076,1909f56bfc062723c751e8b465ee728b)
Start importing Assets/Scenes/Scene Loader.prefab using Guid(3bcc6e2cc830c044e94a7252d507c5c8) Importer(815301076,1909f56bfc062723c751e8b465ee728b)  -> (artifact id: '97c89d03ab372512639d5f46f01bc94d') in 0.010297 seconds
  Import took 0.017787 seconds .

========================================================================
Received Import Request.
  Time since last request: 92.490287 seconds.
  path: Assets/Scenes/CoreGame.unity
  artifactKey: Guid(9b6520b2691e3934fb13d24a380f27c2) Importer(815301076,1909f56bfc062723c751e8b465ee728b)
Start importing Assets/Scenes/CoreGame.unity using Guid(9b6520b2691e3934fb13d24a380f27c2) Importer(815301076,1909f56bfc062723c751e8b465ee728b)  -> (artifact id: 'b837508277a58327eb6fc6b569fc6d3e') in 0.003911 seconds
  Import took 0.009569 seconds .

========================================================================
Received Prepare
Registering precompiled user dll's ...
Registered in 0.001725 seconds.
Begin MonoManager ReloadAssembly
Native extension for WindowsStandalone target not found
Refreshing native plugins compatible for Editor in 0.58 ms, found 1 plugins.
Preloading 0 native plugins for Editor in 0.00 ms.
Invoked RoslynAnalysisRunner static constructor.
RoslynAnalysisRunner will not be running.
RoslynAnalysisRunner has terminated.
Mono: successfully reloaded assembly
- Completed reload, in  1.442 seconds
Platform modules already initialized, skipping
Refreshing native plugins compatible for Editor in 0.61 ms, found 1 plugins.
Preloading 0 native plugins for Editor in 0.00 ms.
Unloading 1822 Unused Serialized files (Serialized files now loaded: 0)
System memory in use before: 107.0 MB.
System memory in use after: 107.0 MB.

Unloading 13 unused Assets to reduce memory usage. Loaded Objects now: 2356.
Total: 7.246700 ms (FindLiveObjects: 0.359300 ms CreateObjectMapping: 0.102100 ms MarkObjects: 6.095100 ms  DeleteObjects: 0.686700 ms)

========================================================================
Received Import Request.
  Time since last request: 231.587755 seconds.
  path: Assets/Scenes/Start Menu.unity
  artifactKey: Guid(91eb938ea415c4d45ab9936cc2a4975c) Importer(815301076,1909f56bfc062723c751e8b465ee728b)
Start importing Assets/Scenes/Start Menu.unity using Guid(91eb938ea415c4d45ab9936cc2a4975c) Importer(815301076,1909f56bfc062723c751e8b465ee728b)  -> (artifact id: '70555d0ef7d0841b4878f6cc9d6a4e8f') in 0.034152 seconds
  Import took 0.042303 seconds .

========================================================================
Received Import Request.
  Time since last request: 22.202439 seconds.
  path: Assets/Scenes/WinScene.unity
  artifactKey: Guid(742fcb694625f134f9eafe78ffadffd6) Importer(815301076,1909f56bfc062723c751e8b465ee728b)
Start importing Assets/Scenes/WinScene.unity using Guid(742fcb694625f134f9eafe78ffadffd6) Importer(815301076,1909f56bfc062723c751e8b465ee728b)  -> (artifact id: '6418fc8e0079ee21232d288593cf725e') in 0.004306 seconds
  Import took 0.009746 seconds .

========================================================================
Received Prepare
Registering precompiled user dll's ...
Registered in 0.001236 seconds.
Begin MonoManager ReloadAssembly
Native extension for WindowsStandalone target not found
Refreshing native plugins compatible for Editor in 0.58 ms, found 1 plugins.
Preloading 0 native plugins for Editor in 0.00 ms.
Invoked RoslynAnalysisRunner static constructor.
RoslynAnalysisRunner will not be running.
RoslynAnalysisRunner has terminated.
Mono: successfully reloaded assembly
- Completed reload, in  1.875 seconds
Platform modules already initialized, skipping
Refreshing native plugins compatible for Editor in 0.59 ms, found 1 plugins.
Preloading 0 native plugins for Editor in 0.00 ms.
Unloading 1822 Unused Serialized files (Serialized files now loaded: 0)
System memory in use before: 107.3 MB.
System memory in use after: 107.3 MB.

Unloading 12 unused Assets to reduce memory usage. Loaded Objects now: 2359.
Total: 2.904700 ms (FindLiveObjects: 0.235100 ms CreateObjectMapping: 0.086200 ms MarkObjects: 2.347900 ms  DeleteObjects: 0.233300 ms)

========================================================================
Received Import Request.
  Time since last request: 122.964434 seconds.
  path: Assets/Scenes/CoreGame.unity
  artifactKey: Guid(9b6520b2691e3934fb13d24a380f27c2) Importer(815301076,1909f56bfc062723c751e8b465ee728b)
Start importing Assets/Scenes/CoreGame.unity using Guid(9b6520b2691e3934fb13d24a380f27c2) Importer(815301076,1909f56bfc062723c751e8b465ee728b)  -> (artifact id: '0e87c4049c2671c65c03762fd116f808') in 0.071755 seconds
  Import took 0.078001 seconds .

========================================================================
Received Import Request.
  Time since last request: 9.033095 seconds.
  path: Assets/Scenes/WinScene.unity
  artifactKey: Guid(742fcb694625f134f9eafe78ffadffd6) Importer(815301076,1909f56bfc062723c751e8b465ee728b)
Start importing Assets/Scenes/WinScene.unity using Guid(742fcb694625f134f9eafe78ffadffd6) Importer(815301076,1909f56bfc062723c751e8b465ee728b)  -> (artifact id: '6b4c7930a22bd66e98b8c8b00419e205') in 0.007588 seconds
  Import took 0.016958 seconds .

========================================================================
Received Prepare
Registering precompiled user dll's ...
Registered in 0.001981 seconds.
Begin MonoManager ReloadAssembly
Native extension for WindowsStandalone target not found
Refreshing native plugins compatible for Editor in 0.57 ms, found 1 plugins.
Preloading 0 native plugins for Editor in 0.00 ms.
Invoked RoslynAnalysisRunner static constructor.
RoslynAnalysisRunner will not be running.
RoslynAnalysisRunner has terminated.
Mono: successfully reloaded assembly
- Completed reload, in  1.638 seconds
Platform modules already initialized, skipping
Refreshing native plugins compatible for Editor in 0.57 ms, found 1 plugins.
Preloading 0 native plugins for Editor in 0.00 ms.
Unloading 1822 Unused Serialized files (Serialized files now loaded: 0)
System memory in use before: 107.4 MB.
System memory in use after: 107.4 MB.

Unloading 12 unused Assets to reduce memory usage. Loaded Objects now: 2362.
Total: 2.972200 ms (FindLiveObjects: 0.334700 ms CreateObjectMapping: 0.086000 ms MarkObjects: 2.316400 ms  DeleteObjects: 0.232500 ms)

========================================================================
Received Prepare
Registering precompiled user dll's ...
Registered in 0.001228 seconds.
Begin MonoManager ReloadAssembly
Native extension for WindowsStandalone target not found
Refreshing native plugins compatible for Editor in 2.53 ms, found 1 plugins.
Preloading 0 native plugins for Editor in 0.00 ms.
Invoked RoslynAnalysisRunner static constructor.
RoslynAnalysisRunner will not be running.
RoslynAnalysisRunner has terminated.
Mono: successfully reloaded assembly
- Completed reload, in  2.824 seconds
Platform modules already initialized, skipping
Refreshing native plugins compatible for Editor in 0.61 ms, found 1 plugins.
Preloading 0 native plugins for Editor in 0.00 ms.
Unloading 1822 Unused Serialized files (Serialized files now loaded: 0)
System memory in use before: 107.0 MB.
System memory in use after: 107.0 MB.

Unloading 12 unused Assets to reduce memory usage. Loaded Objects now: 2365.
Total: 6.749300 ms (FindLiveObjects: 0.426900 ms CreateObjectMapping: 0.127700 ms MarkObjects: 5.774500 ms  DeleteObjects: 0.240500 ms)

========================================================================
Received Import Request.
  Time since last request: 114.046268 seconds.
  path: Assets/Scenes/WinScene.unity
  artifactKey: Guid(742fcb694625f134f9eafe78ffadffd6) Importer(815301076,1909f56bfc062723c751e8b465ee728b)
Start importing Assets/Scenes/WinScene.unity using Guid(742fcb694625f134f9eafe78ffadffd6) Importer(815301076,1909f56bfc062723c751e8b465ee728b)  -> (artifact id: 'af38d26ab1a07c861be13be293eb5a3d') in 0.030432 seconds
  Import took 0.035397 seconds .

========================================================================
Received Import Request.
  Time since last request: 21.120257 seconds.
  path: Assets/Scenes/CoreGame.unity
  artifactKey: Guid(9b6520b2691e3934fb13d24a380f27c2) Importer(815301076,1909f56bfc062723c751e8b465ee728b)
Start importing Assets/Scenes/CoreGame.unity using Guid(9b6520b2691e3934fb13d24a380f27c2) Importer(815301076,1909f56bfc062723c751e8b465ee728b)  -> (artifact id: '733c6da5ce585b117d341eb445226dbc') in 0.012643 seconds
  Import took 0.037423 seconds .

========================================================================
Received Import Request.
  Time since last request: 0.002158 seconds.
  path: Assets/Scenes/CoreGame.unity
  artifactKey: Guid(9b6520b2691e3934fb13d24a380f27c2) Importer(815301076,1909f56bfc062723c751e8b465ee728b)
Start importing Assets/Scenes/CoreGame.unity using Guid(9b6520b2691e3934fb13d24a380f27c2) Importer(815301076,1909f56bfc062723c751e8b465ee728b)  -> (artifact id: '733c6da5ce585b117d341eb445226dbc') in 0.010537 seconds
  Import took 0.019056 seconds .

========================================================================
Received Import Request.
  Time since last request: 16.512635 seconds.
  path: Assets/Scenes/WinScene.unity
  artifactKey: Guid(742fcb694625f134f9eafe78ffadffd6) Importer(815301076,1909f56bfc062723c751e8b465ee728b)
Start importing Assets/Scenes/WinScene.unity using Guid(742fcb694625f134f9eafe78ffadffd6) Importer(815301076,1909f56bfc062723c751e8b465ee728b)  -> (artifact id: '467f5e60782c343c1d857d8921fb69af') in 0.006483 seconds
  Import took 0.016502 seconds .

========================================================================
Received Import Request.
  Time since last request: 22.863649 seconds.
  path: Assets/Scenes/Start Menu.unity
  artifactKey: Guid(91eb938ea415c4d45ab9936cc2a4975c) Importer(815301076,1909f56bfc062723c751e8b465ee728b)
Start importing Assets/Scenes/Start Menu.unity using Guid(91eb938ea415c4d45ab9936cc2a4975c) Importer(815301076,1909f56bfc062723c751e8b465ee728b)  -> (artifact id: '0f1aea29e9a0963231ad764b81c56679') in 0.006864 seconds
  Import took 0.012669 seconds .

========================================================================
Received Import Request.
  Time since last request: 16.614552 seconds.
  path: Assets/Scenes/CoreGame.unity
  artifactKey: Guid(9b6520b2691e3934fb13d24a380f27c2) Importer(815301076,1909f56bfc062723c751e8b465ee728b)
Start importing Assets/Scenes/CoreGame.unity using Guid(9b6520b2691e3934fb13d24a380f27c2) Importer(815301076,1909f56bfc062723c751e8b465ee728b)  -> (artifact id: '1df62fd04cb46243ca7543129ebf2e39') in 0.041127 seconds
  Import took 0.048986 seconds .

========================================================================
Received Import Request.
  Time since last request: 12.761762 seconds.
  path: Assets/Scenes/WinScene.unity
  artifactKey: Guid(742fcb694625f134f9eafe78ffadffd6) Importer(815301076,1909f56bfc062723c751e8b465ee728b)
Start importing Assets/Scenes/WinScene.unity using Guid(742fcb694625f134f9eafe78ffadffd6) Importer(815301076,1909f56bfc062723c751e8b465ee728b)  -> (artifact id: '9e0912057aecdd83cf014f44aca252d7') in 0.047160 seconds
  Import took 0.053264 seconds .

========================================================================
Received Import Request.
  Time since last request: 12.086632 seconds.
  path: Assets/Scenes/Start Menu.unity
  artifactKey: Guid(91eb938ea415c4d45ab9936cc2a4975c) Importer(815301076,1909f56bfc062723c751e8b465ee728b)
Start importing Assets/Scenes/Start Menu.unity using Guid(91eb938ea415c4d45ab9936cc2a4975c) Importer(815301076,1909f56bfc062723c751e8b465ee728b)  -> (artifact id: '47c97fd6330501cf9d030108f937910f') in 0.008229 seconds
  Import took 0.017278 seconds .

========================================================================
Received Import Request.
  Time since last request: 0.025927 seconds.
  path: Assets/Scenes/Start Menu.unity
  artifactKey: Guid(91eb938ea415c4d45ab9936cc2a4975c) Importer(815301076,1909f56bfc062723c751e8b465ee728b)
Start importing Assets/Scenes/Start Menu.unity using Guid(91eb938ea415c4d45ab9936cc2a4975c) Importer(815301076,1909f56bfc062723c751e8b465ee728b)  -> (artifact id: '47c97fd6330501cf9d030108f937910f') in 0.009784 seconds
  Import took 0.029403 seconds .

========================================================================
Received Prepare
Registering precompiled user dll's ...
Registered in 0.001248 seconds.
Begin MonoManager ReloadAssembly
Native extension for WindowsStandalone target not found
Refreshing native plugins compatible for Editor in 0.69 ms, found 1 plugins.
Preloading 0 native plugins for Editor in 0.00 ms.
Invoked RoslynAnalysisRunner static constructor.
RoslynAnalysisRunner will not be running.
RoslynAnalysisRunner has terminated.
Mono: successfully reloaded assembly
- Completed reload, in  2.304 seconds
Platform modules already initialized, skipping
Refreshing native plugins compatible for Editor in 0.91 ms, found 1 plugins.
Preloading 0 native plugins for Editor in 0.00 ms.
Unloading 1822 Unused Serialized files (Serialized files now loaded: 0)
System memory in use before: 107.4 MB.
System memory in use after: 107.4 MB.

Unloading 12 unused Assets to reduce memory usage. Loaded Objects now: 2368.
Total: 8.264400 ms (FindLiveObjects: 0.694000 ms CreateObjectMapping: 0.221300 ms MarkObjects: 6.736600 ms  DeleteObjects: 0.607700 ms)

========================================================================
Received Prepare
Registering precompiled user dll's ...
Registered in 0.002429 seconds.
Begin MonoManager ReloadAssembly
Native extension for WindowsStandalone target not found
Refreshing native plugins compatible for Editor in 0.68 ms, found 1 plugins.
Preloading 0 native plugins for Editor in 0.00 ms.
Invoked RoslynAnalysisRunner static constructor.
RoslynAnalysisRunner will not be running.
RoslynAnalysisRunner has terminated.
Mono: successfully reloaded assembly
- Completed reload, in  2.766 seconds
Platform modules already initialized, skipping
Refreshing native plugins compatible for Editor in 0.67 ms, found 1 plugins.
Preloading 0 native plugins for Editor in 0.00 ms.
Unloading 1822 Unused Serialized files (Serialized files now loaded: 0)
System memory in use before: 107.5 MB.
System memory in use after: 107.5 MB.

Unloading 12 unused Assets to reduce memory usage. Loaded Objects now: 2371.
Total: 3.100900 ms (FindLiveObjects: 0.521500 ms CreateObjectMapping: 0.104600 ms MarkObjects: 2.230100 ms  DeleteObjects: 0.239100 ms)

========================================================================
Received Prepare
Registering precompiled user dll's ...
Registered in 0.001378 seconds.
Begin MonoManager ReloadAssembly
Native extension for WindowsStandalone target not found
Refreshing native plugins compatible for Editor in 0.59 ms, found 1 plugins.
Preloading 0 native plugins for Editor in 0.00 ms.
Invoked RoslynAnalysisRunner static constructor.
RoslynAnalysisRunner will not be running.
RoslynAnalysisRunner has terminated.
Mono: successfully reloaded assembly
- Completed reload, in  3.895 seconds
Platform modules already initialized, skipping
Refreshing native plugins compatible for Editor in 0.71 ms, found 1 plugins.
Preloading 0 native plugins for Editor in 0.00 ms.
Unloading 1822 Unused Serialized files (Serialized files now loaded: 0)
System memory in use before: 107.1 MB.
System memory in use after: 107.1 MB.

Unloading 12 unused Assets to reduce memory usage. Loaded Objects now: 2374.
Total: 5.130200 ms (FindLiveObjects: 0.519900 ms CreateObjectMapping: 0.109200 ms MarkObjects: 4.044000 ms  DeleteObjects: 0.454400 ms)

========================================================================
Received Prepare
Registering precompiled user dll's ...
Registered in 0.001999 seconds.
Begin MonoManager ReloadAssembly
Native extension for WindowsStandalone target not found
Refreshing native plugins compatible for Editor in 0.67 ms, found 1 plugins.
Preloading 0 native plugins for Editor in 0.00 ms.
Invoked RoslynAnalysisRunner static constructor.
RoslynAnalysisRunner will not be running.
RoslynAnalysisRunner has terminated.
Mono: successfully reloaded assembly
- Completed reload, in  3.901 seconds
Platform modules already initialized, skipping
Refreshing native plugins compatible for Editor in 0.98 ms, found 1 plugins.
Preloading 0 native plugins for Editor in 0.00 ms.
Unloading 1822 Unused Serialized files (Serialized files now loaded: 0)
System memory in use before: 107.4 MB.
System memory in use after: 107.4 MB.

Unloading 12 unused Assets to reduce memory usage. Loaded Objects now: 2377.
Total: 28.403000 ms (FindLiveObjects: 0.812800 ms CreateObjectMapping: 1.466500 ms MarkObjects: 25.528500 ms  DeleteObjects: 0.591300 ms)

========================================================================
Received Prepare
Registering precompiled user dll's ...
Registered in 0.001751 seconds.
Begin MonoManager ReloadAssembly
Native extension for WindowsStandalone target not found
Refreshing native plugins compatible for Editor in 0.60 ms, found 1 plugins.
Preloading 0 native plugins for Editor in 0.00 ms.
Invoked RoslynAnalysisRunner static constructor.
RoslynAnalysisRunner will not be running.
RoslynAnalysisRunner has terminated.
Mono: successfully reloaded assembly
- Completed reload, in  1.964 seconds
Platform modules already initialized, skipping
Refreshing native plugins compatible for Editor in 0.70 ms, found 1 plugins.
Preloading 0 native plugins for Editor in 0.00 ms.
Unloading 1822 Unused Serialized files (Serialized files now loaded: 0)
System memory in use before: 107.5 MB.
System memory in use after: 107.5 MB.

Unloading 12 unused Assets to reduce memory usage. Loaded Objects now: 2380.
Total: 6.096000 ms (FindLiveObjects: 0.322200 ms CreateObjectMapping: 0.119400 ms MarkObjects: 4.979100 ms  DeleteObjects: 0.672500 ms)

========================================================================
Received Import Request.
  Time since last request: 538.286587 seconds.
  path: Assets/Scenes/CoreGame.unity
  artifactKey: Guid(9b6520b2691e3934fb13d24a380f27c2) Importer(815301076,1909f56bfc062723c751e8b465ee728b)
Start importing Assets/Scenes/CoreGame.unity using Guid(9b6520b2691e3934fb13d24a380f27c2) Importer(815301076,1909f56bfc062723c751e8b465ee728b)  -> (artifact id: 'db579d2e946003591310b59192b3e076') in 0.090702 seconds
  Import took 0.102936 seconds .

========================================================================
Received Prepare
Registering precompiled user dll's ...
Registered in 0.001752 seconds.
Begin MonoManager ReloadAssembly
Native extension for WindowsStandalone target not found
Refreshing native plugins compatible for Editor in 0.59 ms, found 1 plugins.
Preloading 0 native plugins for Editor in 0.00 ms.
Invoked RoslynAnalysisRunner static constructor.
RoslynAnalysisRunner will not be running.
RoslynAnalysisRunner has terminated.
Mono: successfully reloaded assembly
- Completed reload, in  2.028 seconds
Platform modules already initialized, skipping
Refreshing native plugins compatible for Editor in 0.89 ms, found 1 plugins.
Preloading 0 native plugins for Editor in 0.00 ms.
Unloading 1822 Unused Serialized files (Serialized files now loaded: 0)
System memory in use before: 107.1 MB.
System memory in use after: 107.1 MB.

Unloading 12 unused Assets to reduce memory usage. Loaded Objects now: 2383.
Total: 6.440900 ms (FindLiveObjects: 0.855000 ms CreateObjectMapping: 0.227100 ms MarkObjects: 4.890100 ms  DeleteObjects: 0.463900 ms)

========================================================================
Received Prepare
Registering precompiled user dll's ...
Registered in 0.001921 seconds.
Begin MonoManager ReloadAssembly
Native extension for WindowsStandalone target not found
Refreshing native plugins compatible for Editor in 0.69 ms, found 1 plugins.
Preloading 0 native plugins for Editor in 0.00 ms.
Invoked RoslynAnalysisRunner static constructor.
RoslynAnalysisRunner will not be running.
RoslynAnalysisRunner has terminated.
Mono: successfully reloaded assembly
- Completed reload, in  2.369 seconds
Platform modules already initialized, skipping
Refreshing native plugins compatible for Editor in 0.60 ms, found 1 plugins.
Preloading 0 native plugins for Editor in 0.00 ms.
Unloading 1822 Unused Serialized files (Serialized files now loaded: 0)
System memory in use before: 107.5 MB.
System memory in use after: 107.5 MB.

Unloading 12 unused Assets to reduce memory usage. Loaded Objects now: 2386.
Total: 3.820200 ms (FindLiveObjects: 0.385300 ms CreateObjectMapping: 0.294000 ms MarkObjects: 2.896600 ms  DeleteObjects: 0.242100 ms)

AssetImportWorkerClient::OnTransportError - code=2 error=End of file
