Using pre-set license
Built from '2020.2/release' branch; Version is '2020.2.2f1 (068178b99f32) revision 426360'; Using compiler version '192528614'; Build Type 'Release'
OS: 'Windows 10 Home; OS build 19041.746; Version 2004; 64bit' Language: 'ko' Physical Memory: 4008 MB
BatchMode: 1, IsHumanControllingUs: 0, StartBugReporterOnCrash: 0, Is64bit: 1, IsPro: 0

 COMMAND LINE ARGUMENTS:
C:\Program Files\Unity\Hub\Editor\2020.2.2f1\Editor\Unity.exe
-adb2
-batchMode
-noUpm
-name
AssetImportWorker0
-projectPath
D:/Unity/Unity2D/Text101
-logFile
Logs/AssetImportWorker0.log
-srvPort
59259
Successfully changed project path to: D:/Unity/Unity2D/Text101
D:/Unity/Unity2D/Text101
Using Asset Import Pipeline V2.
Refreshing native plugins compatible for Editor in 89.11 ms, found 1 plugins.
Preloading 0 native plugins for Editor in 0.00 ms.
Initialize engine version: 2020.2.2f1 (068178b99f32)
[Subsystems] Discovering subsystems at path C:/Program Files/Unity/Hub/Editor/2020.2.2f1/Editor/Data/Resources/UnitySubsystems
[Subsystems] Discovering subsystems at path D:/Unity/Unity2D/Text101/Assets
GfxDevice: creating device client; threaded=0
Direct3D:
    Version:  Direct3D 11.0 [level 11.0]
    Renderer: NVIDIA GeForce GT 540M (ID=0xdf4)
    Vendor:   
    VRAM:     1999 MB
    Driver:   21.21.13.7654
Initialize mono
Mono path[0] = 'C:/Program Files/Unity/Hub/Editor/2020.2.2f1/Editor/Data/Managed'
Mono path[1] = 'C:/Program Files/Unity/Hub/Editor/2020.2.2f1/Editor/Data/MonoBleedingEdge/lib/mono/unityjit'
Mono config path = 'C:/Program Files/Unity/Hub/Editor/2020.2.2f1/Editor/Data/MonoBleedingEdge/etc'
Using monoOptions --debugger-agent=transport=dt_socket,embedding=1,server=y,suspend=n,address=127.0.0.1:56400
Begin MonoManager ReloadAssembly
Registering precompiled unity dll's ...
Register platform support module: C:/Program Files/Unity/Hub/Editor/2020.2.2f1/Editor/Data/PlaybackEngines/WindowsStandaloneSupport/UnityEditor.WindowsStandalone.Extensions.dll
Registered in 0.008413 seconds.
Native extension for WindowsStandalone target not found
Refreshing native plugins compatible for Editor in 68.08 ms, found 1 plugins.
Preloading 0 native plugins for Editor in 0.00 ms.
Invoked RoslynAnalysisRunner static constructor.
RoslynAnalysisRunner will not be running.
RoslynAnalysisRunner has terminated.
Mono: successfully reloaded assembly
- Completed reload, in  6.530 seconds
Platform modules already initialized, skipping
Registering precompiled user dll's ...
Registered in 0.002485 seconds.
Begin MonoManager ReloadAssembly
Native extension for WindowsStandalone target not found
Refreshing native plugins compatible for Editor in 91.61 ms, found 1 plugins.
Preloading 0 native plugins for Editor in 0.00 ms.
Invoked RoslynAnalysisRunner static constructor.
RoslynAnalysisRunner will not be running.
RoslynAnalysisRunner has terminated.
Mono: successfully reloaded assembly
- Completed reload, in  2.164 seconds
Platform modules already initialized, skipping
========================================================================
Worker process is ready to serve import requests
Launched and connected shader compiler UnityShaderCompiler.exe after 0.14 seconds
Refreshing native plugins compatible for Editor in 0.63 ms, found 1 plugins.
Preloading 0 native plugins for Editor in 0.00 ms.
Unloading 1842 Unused Serialized files (Serialized files now loaded: 0)
System memory in use before: 89.7 MB.
System memory in use after: 89.7 MB.

Unloading 24 unused Assets to reduce memory usage. Loaded Objects now: 2284.
Total: 5.266300 ms (FindLiveObjects: 0.383800 ms CreateObjectMapping: 0.138600 ms MarkObjects: 4.148500 ms  DeleteObjects: 0.592600 ms)

========================================================================
Received Import Request.
  path: Assets/Fonts
  artifactKey: Guid(31c0fec49291eb048975f3b1ce8c6a26) Importer(815301076,1909f56bfc062723c751e8b465ee728b)
Start importing Assets/Fonts using Guid(31c0fec49291eb048975f3b1ce8c6a26) Importer(815301076,1909f56bfc062723c751e8b465ee728b)  -> (artifact id: '0b3dfa872f388a5ad16e6a84def23ac1') in 0.101225 seconds
  Import took 0.118592 seconds .

========================================================================
Received Import Request.
  Time since last request: 46.693312 seconds.
  path: Assets/Fonts/Pineapple Grass.ttf
  artifactKey: Guid(6a78978c11bf3174b96bbec996344ba5) Importer(815301076,1909f56bfc062723c751e8b465ee728b)
Start importing Assets/Fonts/Pineapple Grass.ttf using Guid(6a78978c11bf3174b96bbec996344ba5) Importer(815301076,1909f56bfc062723c751e8b465ee728b)  -> (artifact id: '164804345b43badbed148dd0bfb97d50') in 0.259850 seconds
  Import took 0.265097 seconds .

========================================================================
Received Import Request.
  Time since last request: 1.994463 seconds.
  path: Assets/Fonts/Pineapple Grass.otf
  artifactKey: Guid(ce5a128195435e545a0289a4a021af8c) Importer(815301076,1909f56bfc062723c751e8b465ee728b)
Start importing Assets/Fonts/Pineapple Grass.otf using Guid(ce5a128195435e545a0289a4a021af8c) Importer(815301076,1909f56bfc062723c751e8b465ee728b)  -> (artifact id: '6061356e5297971257b53fb7b87c9480') in 0.029965 seconds
  Import took 0.036336 seconds .

========================================================================
Received Import Request.
  Time since last request: 0.005667 seconds.
  path: Assets/Fonts/Pineapple Grass.otf
  artifactKey: Guid(ce5a128195435e545a0289a4a021af8c) Importer(815301076,1909f56bfc062723c751e8b465ee728b)
Start importing Assets/Fonts/Pineapple Grass.otf using Guid(ce5a128195435e545a0289a4a021af8c) Importer(815301076,1909f56bfc062723c751e8b465ee728b)  -> (artifact id: '6061356e5297971257b53fb7b87c9480') in 0.027306 seconds
  Import took 0.034822 seconds .

========================================================================
Received Import Request.
  Time since last request: 101.450045 seconds.
  path: Assets/Fonts/Pineapple Grass SDF.asset
  artifactKey: Guid(6ff50d075e7274c4db57f778b0790a31) Importer(815301076,1909f56bfc062723c751e8b465ee728b)
Start importing Assets/Fonts/Pineapple Grass SDF.asset using Guid(6ff50d075e7274c4db57f778b0790a31) Importer(815301076,1909f56bfc062723c751e8b465ee728b)  -> (artifact id: 'c683c386d1f507091ff79e014e676f2e') in 0.216263 seconds
  Import took 0.225981 seconds .

========================================================================
Received Import Request.
  Time since last request: 2656.709633 seconds.
  path: Assets/Scripts/AdventureGame.cs
  artifactKey: Guid(45f0a741a25b87640be654def808bb22) Importer(815301076,1909f56bfc062723c751e8b465ee728b)
Start importing Assets/Scripts/AdventureGame.cs using Guid(45f0a741a25b87640be654def808bb22) Importer(815301076,1909f56bfc062723c751e8b465ee728b)  -> (artifact id: '7a5943383195baed67e980abad2075d9') in 1.164446 seconds
  Import took 1.255986 seconds .

========================================================================
Received Prepare
Registering precompiled user dll's ...
Registered in 0.002544 seconds.
Begin MonoManager ReloadAssembly
Native extension for WindowsStandalone target not found
Refreshing native plugins compatible for Editor in 1.09 ms, found 1 plugins.
Preloading 0 native plugins for Editor in 0.00 ms.
Invoked RoslynAnalysisRunner static constructor.
RoslynAnalysisRunner will not be running.
RoslynAnalysisRunner has terminated.
Mono: successfully reloaded assembly
- Completed reload, in  2.549 seconds
Platform modules already initialized, skipping
Refreshing native plugins compatible for Editor in 0.70 ms, found 1 plugins.
Preloading 0 native plugins for Editor in 0.00 ms.
Unloading 1824 Unused Serialized files (Serialized files now loaded: 0)
System memory in use before: 92.3 MB.
System memory in use after: 92.3 MB.

Unloading 12 unused Assets to reduce memory usage. Loaded Objects now: 2331.
Total: 16.382800 ms (FindLiveObjects: 2.643300 ms CreateObjectMapping: 0.619000 ms MarkObjects: 12.067400 ms  DeleteObjects: 1.049200 ms)

========================================================================
Received Prepare
Registering precompiled user dll's ...
Registered in 0.026292 seconds.
Begin MonoManager ReloadAssembly
Native extension for WindowsStandalone target not found
Refreshing native plugins compatible for Editor in 0.85 ms, found 1 plugins.
Preloading 0 native plugins for Editor in 0.00 ms.
Invoked RoslynAnalysisRunner static constructor.
RoslynAnalysisRunner will not be running.
RoslynAnalysisRunner has terminated.
Mono: successfully reloaded assembly
- Completed reload, in  2.060 seconds
Platform modules already initialized, skipping
Refreshing native plugins compatible for Editor in 0.58 ms, found 1 plugins.
Preloading 0 native plugins for Editor in 0.00 ms.
Unloading 1824 Unused Serialized files (Serialized files now loaded: 0)
System memory in use before: 92.5 MB.
System memory in use after: 92.5 MB.

Unloading 12 unused Assets to reduce memory usage. Loaded Objects now: 2334.
Total: 2.927900 ms (FindLiveObjects: 0.257900 ms CreateObjectMapping: 0.088600 ms MarkObjects: 2.410700 ms  DeleteObjects: 0.168800 ms)

AssetImportWorkerClient::OnTransportError - code=2 error=End of file
