Using pre-set license
Built from '2020.2/release' branch; Version is '2020.2.2f1 (068178b99f32) revision 426360'; Using compiler version '192528614'; Build Type 'Release'
OS: 'Windows 10 Home; OS build 19041.746; Version 2004; 64bit' Language: 'ko' Physical Memory: 4008 MB
BatchMode: 1, IsHumanControllingUs: 0, StartBugReporterOnCrash: 0, Is64bit: 1, IsPro: 0

 COMMAND LINE ARGUMENTS:
C:\Program Files\Unity\Hub\Editor\2020.2.2f1\Editor\Unity.exe
-adb2
-batchMode
-noUpm
-name
AssetImportWorker2
-projectPath
D:/Unity/Unity2D/Text101
-logFile
Logs/AssetImportWorker2.log
-srvPort
58614
Successfully changed project path to: D:/Unity/Unity2D/Text101
D:/Unity/Unity2D/Text101
Using Asset Import Pipeline V2.
Refreshing native plugins compatible for Editor in 111.84 ms, found 1 plugins.
Preloading 0 native plugins for Editor in 0.00 ms.
Initialize engine version: 2020.2.2f1 (068178b99f32)
[Subsystems] Discovering subsystems at path C:/Program Files/Unity/Hub/Editor/2020.2.2f1/Editor/Data/Resources/UnitySubsystems
[Subsystems] Discovering subsystems at path D:/Unity/Unity2D/Text101/Assets
GfxDevice: creating device client; threaded=0
Direct3D:
    Version:  Direct3D 11.0 [level 11.0]
    Renderer: NVIDIA GeForce GT 540M (ID=0xdf4)
    Vendor:   
    VRAM:     1999 MB
    Driver:   21.21.13.7654
Initialize mono
Mono path[0] = 'C:/Program Files/Unity/Hub/Editor/2020.2.2f1/Editor/Data/Managed'
Mono path[1] = 'C:/Program Files/Unity/Hub/Editor/2020.2.2f1/Editor/Data/MonoBleedingEdge/lib/mono/unityjit'
Mono config path = 'C:/Program Files/Unity/Hub/Editor/2020.2.2f1/Editor/Data/MonoBleedingEdge/etc'
Using monoOptions --debugger-agent=transport=dt_socket,embedding=1,server=y,suspend=n,address=127.0.0.1:56088
Begin MonoManager ReloadAssembly
Registering precompiled unity dll's ...
Register platform support module: C:/Program Files/Unity/Hub/Editor/2020.2.2f1/Editor/Data/PlaybackEngines/WindowsStandaloneSupport/UnityEditor.WindowsStandalone.Extensions.dll
Registered in 0.008213 seconds.
Native extension for WindowsStandalone target not found
Refreshing native plugins compatible for Editor in 65.40 ms, found 1 plugins.
Preloading 0 native plugins for Editor in 0.00 ms.
Invoked RoslynAnalysisRunner static constructor.
RoslynAnalysisRunner will not be running.
RoslynAnalysisRunner has terminated.
Mono: successfully reloaded assembly
- Completed reload, in  2.717 seconds
Platform modules already initialized, skipping
Registering precompiled user dll's ...
Registered in 0.002832 seconds.
Begin MonoManager ReloadAssembly
Native extension for WindowsStandalone target not found
Refreshing native plugins compatible for Editor in 71.10 ms, found 1 plugins.
Preloading 0 native plugins for Editor in 0.00 ms.
Invoked RoslynAnalysisRunner static constructor.
RoslynAnalysisRunner will not be running.
RoslynAnalysisRunner has terminated.
Mono: successfully reloaded assembly
- Completed reload, in  2.031 seconds
Platform modules already initialized, skipping
========================================================================
Worker process is ready to serve import requests
Launched and connected shader compiler UnityShaderCompiler.exe after 0.12 seconds
Refreshing native plugins compatible for Editor in 5.46 ms, found 1 plugins.
Preloading 0 native plugins for Editor in 0.00 ms.
Unloading 1793 Unused Serialized files (Serialized files now loaded: 0)
System memory in use before: 84.2 MB.
System memory in use after: 84.2 MB.

Unloading 24 unused Assets to reduce memory usage. Loaded Objects now: 2235.
Total: 16.401400 ms (FindLiveObjects: 1.910700 ms CreateObjectMapping: 0.348700 ms MarkObjects: 12.069900 ms  DeleteObjects: 2.053900 ms)

========================================================================
Received Import Request.
  path: Assets/AdventureGame.cs
  artifactKey: Guid(45f0a741a25b87640be654def808bb22) Importer(815301076,1909f56bfc062723c751e8b465ee728b)
Start importing Assets/AdventureGame.cs using Guid(45f0a741a25b87640be654def808bb22) Importer(815301076,1909f56bfc062723c751e8b465ee728b)  -> (artifact id: 'eff6246cc336cf1f25cfb41a21b3181a') in 0.117455 seconds
  Import took 0.125987 seconds .

========================================================================
Received Prepare
Registering precompiled user dll's ...
Registered in 0.002791 seconds.
Begin MonoManager ReloadAssembly
Native extension for WindowsStandalone target not found
Refreshing native plugins compatible for Editor in 0.85 ms, found 1 plugins.
Preloading 0 native plugins for Editor in 0.00 ms.
Invoked RoslynAnalysisRunner static constructor.
RoslynAnalysisRunner will not be running.
RoslynAnalysisRunner has terminated.
Mono: successfully reloaded assembly
- Completed reload, in  1.455 seconds
Platform modules already initialized, skipping
Refreshing native plugins compatible for Editor in 0.56 ms, found 1 plugins.
Preloading 0 native plugins for Editor in 0.00 ms.
Unloading 1788 Unused Serialized files (Serialized files now loaded: 0)
System memory in use before: 84.3 MB.
System memory in use after: 84.3 MB.

Unloading 12 unused Assets to reduce memory usage. Loaded Objects now: 2238.
Total: 4.648600 ms (FindLiveObjects: 0.552900 ms CreateObjectMapping: 0.165300 ms MarkObjects: 3.763400 ms  DeleteObjects: 0.164300 ms)

========================================================================
Received Import Request.
  Time since last request: 153.344691 seconds.
  path: Assets/AdventureGame.cs
  artifactKey: Guid(45f0a741a25b87640be654def808bb22) Importer(815301076,1909f56bfc062723c751e8b465ee728b)
Start importing Assets/AdventureGame.cs using Guid(45f0a741a25b87640be654def808bb22) Importer(815301076,1909f56bfc062723c751e8b465ee728b)  -> (artifact id: 'f303bcf22b2cba873a37946934b1ae24') in 0.009433 seconds
  Import took 0.017531 seconds .

========================================================================
Received Prepare
Registering precompiled user dll's ...
Registered in 0.002652 seconds.
Begin MonoManager ReloadAssembly
Native extension for WindowsStandalone target not found
Refreshing native plugins compatible for Editor in 0.61 ms, found 1 plugins.
Preloading 0 native plugins for Editor in 0.00 ms.
Invoked RoslynAnalysisRunner static constructor.
RoslynAnalysisRunner will not be running.
RoslynAnalysisRunner has terminated.
Mono: successfully reloaded assembly
- Completed reload, in  1.571 seconds
Platform modules already initialized, skipping
Refreshing native plugins compatible for Editor in 0.56 ms, found 1 plugins.
Preloading 0 native plugins for Editor in 0.00 ms.
Unloading 1788 Unused Serialized files (Serialized files now loaded: 0)
System memory in use before: 84.4 MB.
System memory in use after: 84.4 MB.

Unloading 12 unused Assets to reduce memory usage. Loaded Objects now: 2241.
Total: 4.797000 ms (FindLiveObjects: 0.365900 ms CreateObjectMapping: 0.112700 ms MarkObjects: 4.152100 ms  DeleteObjects: 0.163500 ms)

========================================================================
Received Prepare
Registering precompiled user dll's ...
Registered in 0.001239 seconds.
Begin MonoManager ReloadAssembly
Native extension for WindowsStandalone target not found
Refreshing native plugins compatible for Editor in 2.12 ms, found 1 plugins.
Preloading 0 native plugins for Editor in 0.00 ms.
Invoked RoslynAnalysisRunner static constructor.
RoslynAnalysisRunner will not be running.
RoslynAnalysisRunner has terminated.
Mono: successfully reloaded assembly
- Completed reload, in  1.835 seconds
Platform modules already initialized, skipping
Refreshing native plugins compatible for Editor in 0.58 ms, found 1 plugins.
Preloading 0 native plugins for Editor in 0.00 ms.
Unloading 1788 Unused Serialized files (Serialized files now loaded: 0)
System memory in use before: 84.5 MB.
System memory in use after: 84.5 MB.

Unloading 12 unused Assets to reduce memory usage. Loaded Objects now: 2244.
Total: 3.272500 ms (FindLiveObjects: 0.254000 ms CreateObjectMapping: 0.113400 ms MarkObjects: 2.657500 ms  DeleteObjects: 0.244900 ms)

========================================================================
Received Import Request.
  Time since last request: 2049.010491 seconds.
  path: Assets/State.cs
  artifactKey: Guid(5004eceed1ca86e47bf70dcc97b58c94) Importer(815301076,1909f56bfc062723c751e8b465ee728b)
Start importing Assets/State.cs using Guid(5004eceed1ca86e47bf70dcc97b58c94) Importer(815301076,1909f56bfc062723c751e8b465ee728b)  -> (artifact id: 'd671b444037c46369a732fed75ed6100') in 0.174625 seconds
  Import took 0.289366 seconds .

========================================================================
Received Prepare
Registering precompiled user dll's ...
Registered in 0.001849 seconds.
Begin MonoManager ReloadAssembly
Native extension for WindowsStandalone target not found
Refreshing native plugins compatible for Editor in 2.34 ms, found 1 plugins.
Preloading 0 native plugins for Editor in 0.00 ms.
Invoked RoslynAnalysisRunner static constructor.
RoslynAnalysisRunner will not be running.
RoslynAnalysisRunner has terminated.
Mono: successfully reloaded assembly
- Completed reload, in  2.127 seconds
Platform modules already initialized, skipping
Refreshing native plugins compatible for Editor in 0.57 ms, found 1 plugins.
Preloading 0 native plugins for Editor in 0.00 ms.
Unloading 1789 Unused Serialized files (Serialized files now loaded: 0)
System memory in use before: 84.6 MB.
System memory in use after: 84.6 MB.

Unloading 12 unused Assets to reduce memory usage. Loaded Objects now: 2248.
Total: 8.420000 ms (FindLiveObjects: 1.913000 ms CreateObjectMapping: 1.893400 ms MarkObjects: 4.126500 ms  DeleteObjects: 0.483100 ms)

========================================================================
Received Import Request.
  Time since last request: 267.550076 seconds.
  path: Assets/State.cs
  artifactKey: Guid(5004eceed1ca86e47bf70dcc97b58c94) Importer(815301076,1909f56bfc062723c751e8b465ee728b)
Start importing Assets/State.cs using Guid(5004eceed1ca86e47bf70dcc97b58c94) Importer(815301076,1909f56bfc062723c751e8b465ee728b)  -> (artifact id: 'dad5ba7f5412c9a18a694707dccc1835') in 0.025684 seconds
  Import took 0.033599 seconds .

========================================================================
Received Import Request.
  Time since last request: 0.000455 seconds.
  path: Assets/State.cs
  artifactKey: Guid(5004eceed1ca86e47bf70dcc97b58c94) Importer(815301076,1909f56bfc062723c751e8b465ee728b)
Start importing Assets/State.cs using Guid(5004eceed1ca86e47bf70dcc97b58c94) Importer(815301076,1909f56bfc062723c751e8b465ee728b)  -> (artifact id: 'dad5ba7f5412c9a18a694707dccc1835') in 0.008019 seconds
  Import took 0.016025 seconds .

========================================================================
Received Prepare
Registering precompiled user dll's ...
Registered in 0.002462 seconds.
Begin MonoManager ReloadAssembly
Native extension for WindowsStandalone target not found
Refreshing native plugins compatible for Editor in 0.63 ms, found 1 plugins.
Preloading 0 native plugins for Editor in 0.00 ms.
Invoked RoslynAnalysisRunner static constructor.
RoslynAnalysisRunner will not be running.
RoslynAnalysisRunner has terminated.
Mono: successfully reloaded assembly
- Completed reload, in  1.373 seconds
Platform modules already initialized, skipping
Refreshing native plugins compatible for Editor in 0.59 ms, found 1 plugins.
Preloading 0 native plugins for Editor in 0.00 ms.
Unloading 1789 Unused Serialized files (Serialized files now loaded: 0)
System memory in use before: 84.7 MB.
System memory in use after: 84.7 MB.

Unloading 12 unused Assets to reduce memory usage. Loaded Objects now: 2251.
Total: 4.008800 ms (FindLiveObjects: 0.234500 ms CreateObjectMapping: 0.086300 ms MarkObjects: 3.519400 ms  DeleteObjects: 0.166300 ms)

========================================================================
Received Import Request.
  Time since last request: 4658.171273 seconds.
  path: Assets/New State.asset
  artifactKey: Guid(5ed46d09caafca44c9ee9c5ee2eda017) Importer(815301076,1909f56bfc062723c751e8b465ee728b)
Start importing Assets/New State.asset using Guid(5ed46d09caafca44c9ee9c5ee2eda017) Importer(815301076,1909f56bfc062723c751e8b465ee728b)  -> (artifact id: '51b8f4e97b0d21b422884174908c5ccb') in 0.094631 seconds
  Import took 0.113291 seconds .

========================================================================
Received Import Request.
  Time since last request: 12.259897 seconds.
  path: Assets/StartingDate.asset
  artifactKey: Guid(5ed46d09caafca44c9ee9c5ee2eda017) Importer(815301076,1909f56bfc062723c751e8b465ee728b)
Start importing Assets/StartingDate.asset using Guid(5ed46d09caafca44c9ee9c5ee2eda017) Importer(815301076,1909f56bfc062723c751e8b465ee728b)  -> (artifact id: 'a94e906718875b541c441db4f013a5c9') in 0.014887 seconds
  Import took 0.022140 seconds .

========================================================================
Received Import Request.
  Time since last request: 0.005566 seconds.
  path: Assets/StartingDate.asset
  artifactKey: Guid(5ed46d09caafca44c9ee9c5ee2eda017) Importer(815301076,1909f56bfc062723c751e8b465ee728b)
Start importing Assets/StartingDate.asset using Guid(5ed46d09caafca44c9ee9c5ee2eda017) Importer(815301076,1909f56bfc062723c751e8b465ee728b)  -> (artifact id: 'a94e906718875b541c441db4f013a5c9') in 0.007101 seconds
  Import took 0.012780 seconds .

========================================================================
Received Import Request.
  Time since last request: 10.686064 seconds.
  path: Assets/StartingState.asset
  artifactKey: Guid(5ed46d09caafca44c9ee9c5ee2eda017) Importer(815301076,1909f56bfc062723c751e8b465ee728b)
Start importing Assets/StartingState.asset using Guid(5ed46d09caafca44c9ee9c5ee2eda017) Importer(815301076,1909f56bfc062723c751e8b465ee728b)  -> (artifact id: '1981bf190daf6cf832c924bbf443c7d7') in 0.015232 seconds
  Import took 0.020277 seconds .

========================================================================
Received Import Request.
  Time since last request: 0.008447 seconds.
  path: Assets/StartingState.asset
  artifactKey: Guid(5ed46d09caafca44c9ee9c5ee2eda017) Importer(815301076,1909f56bfc062723c751e8b465ee728b)
Start importing Assets/StartingState.asset using Guid(5ed46d09caafca44c9ee9c5ee2eda017) Importer(815301076,1909f56bfc062723c751e8b465ee728b)  -> (artifact id: '1981bf190daf6cf832c924bbf443c7d7') in 0.005669 seconds
  Import took 0.011107 seconds .

========================================================================
Received Import Request.
  Time since last request: 79.735100 seconds.
  path: Assets/State.cs
  artifactKey: Guid(5004eceed1ca86e47bf70dcc97b58c94) Importer(815301076,1909f56bfc062723c751e8b465ee728b)
Start importing Assets/State.cs using Guid(5004eceed1ca86e47bf70dcc97b58c94) Importer(815301076,1909f56bfc062723c751e8b465ee728b)  -> (artifact id: 'bbac415609e5fa21b3cadc67e46904b4') in 0.013909 seconds
  Import took 0.019692 seconds .

========================================================================
Received Prepare
Registering precompiled user dll's ...
Registered in 0.003310 seconds.
Begin MonoManager ReloadAssembly
Native extension for WindowsStandalone target not found
Refreshing native plugins compatible for Editor in 0.73 ms, found 1 plugins.
Preloading 0 native plugins for Editor in 0.00 ms.
Invoked RoslynAnalysisRunner static constructor.
RoslynAnalysisRunner will not be running.
RoslynAnalysisRunner has terminated.
Mono: successfully reloaded assembly
- Completed reload, in  2.041 seconds
Platform modules already initialized, skipping
Refreshing native plugins compatible for Editor in 0.77 ms, found 1 plugins.
Preloading 0 native plugins for Editor in 0.00 ms.
Unloading 1789 Unused Serialized files (Serialized files now loaded: 0)
System memory in use before: 84.7 MB.
System memory in use after: 84.7 MB.

Unloading 12 unused Assets to reduce memory usage. Loaded Objects now: 2254.
Total: 23.056100 ms (FindLiveObjects: 2.982000 ms CreateObjectMapping: 3.699700 ms MarkObjects: 15.178000 ms  DeleteObjects: 1.192500 ms)

========================================================================
Received Import Request.
  Time since last request: 186.972042 seconds.
  path: Assets/State.cs
  artifactKey: Guid(5004eceed1ca86e47bf70dcc97b58c94) Importer(815301076,1909f56bfc062723c751e8b465ee728b)
Start importing Assets/State.cs using Guid(5004eceed1ca86e47bf70dcc97b58c94) Importer(815301076,1909f56bfc062723c751e8b465ee728b)  -> (artifact id: '1a3e40eca7ab516f0cc6ad1d3b478f25') in 0.017671 seconds
  Import took 0.023837 seconds .

========================================================================
Received Import Request.
  Time since last request: 52.975609 seconds.
  path: Assets/First_state of MyGame.txt
  artifactKey: Guid(7e5e7d1b23c41e64eb3625da581eb3e0) Importer(815301076,1909f56bfc062723c751e8b465ee728b)
Start importing Assets/First_state of MyGame.txt using Guid(7e5e7d1b23c41e64eb3625da581eb3e0) Importer(815301076,1909f56bfc062723c751e8b465ee728b)  -> (artifact id: '1e1694111d0b474ddb20c2e00d925127') in 0.067902 seconds
  Import took 0.074209 seconds .

========================================================================
Received Import Request.
  Time since last request: 513.712830 seconds.
  path: Assets/StartingState.asset
  artifactKey: Guid(5ed46d09caafca44c9ee9c5ee2eda017) Importer(815301076,1909f56bfc062723c751e8b465ee728b)
Start importing Assets/StartingState.asset using Guid(5ed46d09caafca44c9ee9c5ee2eda017) Importer(815301076,1909f56bfc062723c751e8b465ee728b)  -> (artifact id: 'fe70afa08b23497c7d7dbf5192b60075') in 0.009620 seconds
  Import took 0.023615 seconds .

AssetImportWorkerClient::OnTransportError - code=2 error=End of file
